2025-05-08 10:38:35,098 - INFO - Application started
2025-05-08 10:38:41,589 - INFO - SegmentationListManager initialized
2025-05-08 10:38:42,628 - INFO - MainWindow initialized
2025-05-08 10:38:44,423 - INFO - Loading image from C:/Users/jkim20/Documents/projects/vtk_image_labeler_3d/sample_data/Dataset101_Eye[ul]L/imagesTr/eye[ul]l_0_0000.mha
2025-05-08 10:38:44,423 - INFO - File extension: .mha
2025-05-08 10:38:44,934 - INFO - dims=(512, 512, 160)
2025-05-08 10:38:44,934 - INFO - spacing=(0.9765625, 0.9765625, 1.0)
2025-05-08 10:38:44,935 - INFO - original_origin=(-249.51171875, -528.51171875, -1190.0)
2025-05-08 10:38:45,063 - INFO - the center slice index is 79
2025-05-08 10:38:45,143 - INFO - the center slice index is 255
2025-05-08 10:38:45,200 - INFO - the center slice index is 255
2025-05-08 10:38:45,338 - INFO - Image loaded successfully
2025-05-08 10:38:47,840 - INFO - A layer added: Layer 1, and active layer is now Layer 1
2025-05-08 10:39:30,386 - INFO - Paint tool activated
2025-05-08 11:03:11,404 - INFO - Application started
2025-05-08 11:03:17,833 - INFO - SegmentationListManager initialized
2025-05-08 11:03:18,877 - INFO - MainWindow initialized
2025-05-08 11:08:59,655 - INFO - Loading image from C:/Users/jkim20/Documents/projects/vtk_image_labeler_3d/sample_data/Dataset101_Eye[ul]L/imagesTr/eye[ul]l_0_0000.mha
2025-05-08 11:08:59,656 - INFO - File extension: .mha
2025-05-08 11:09:00,171 - INFO - dims=(512, 512, 160)
2025-05-08 11:09:00,171 - INFO - spacing=(0.9765625, 0.9765625, 1.0)
2025-05-08 11:09:00,171 - INFO - original_origin=(-249.51171875, -528.51171875, -1190.0)
2025-05-08 11:09:00,295 - INFO - the center slice index is 79
2025-05-08 11:09:00,370 - INFO - the center slice index is 255
2025-05-08 11:09:00,427 - INFO - the center slice index is 255
2025-05-08 11:09:00,569 - INFO - Image loaded successfully
2025-05-08 11:09:19,246 - INFO - A layer added: Layer 1, and active layer is now Layer 1
2025-05-08 11:09:20,364 - INFO - Paint tool activated
2025-05-08 11:11:43,336 - INFO - Application started
2025-05-08 11:11:49,962 - INFO - SegmentationListManager initialized
2025-05-08 11:11:51,012 - INFO - MainWindow initialized
2025-05-08 11:11:52,483 - INFO - Loading image from C:/Users/jkim20/Documents/projects/vtk_image_labeler_3d/sample_data/Dataset101_Eye[ul]L/imagesTr/eye[ul]l_0_0000.mha
2025-05-08 11:11:52,484 - INFO - File extension: .mha
2025-05-08 11:11:52,999 - INFO - dims=(512, 512, 160)
2025-05-08 11:11:52,999 - INFO - spacing=(0.9765625, 0.9765625, 1.0)
2025-05-08 11:11:53,000 - INFO - original_origin=(-249.51171875, -528.51171875, -1190.0)
2025-05-08 11:11:53,126 - INFO - the center slice index is 79
2025-05-08 11:11:53,197 - INFO - the center slice index is 255
2025-05-08 11:11:53,253 - INFO - the center slice index is 255
2025-05-08 11:11:53,390 - INFO - Image loaded successfully
2025-05-08 11:11:57,623 - INFO - A layer added: Layer 1, and active layer is now Layer 1
2025-05-08 11:11:58,884 - INFO - Paint tool activated
2025-05-08 11:14:57,829 - INFO - Application started
2025-05-08 11:15:04,310 - INFO - SegmentationListManager initialized
2025-05-08 11:15:05,352 - INFO - MainWindow initialized
2025-05-08 11:15:07,762 - INFO - Loading image from C:/Users/jkim20/Documents/projects/vtk_image_labeler_3d/sample_data/Dataset101_Eye[ul]L/imagesTr/eye[ul]l_0_0000.mha
2025-05-08 11:15:07,763 - INFO - File extension: .mha
2025-05-08 11:15:08,252 - INFO - dims=(512, 512, 160)
2025-05-08 11:15:08,252 - INFO - spacing=(0.9765625, 0.9765625, 1.0)
2025-05-08 11:15:08,253 - INFO - original_origin=(-249.51171875, -528.51171875, -1190.0)
2025-05-08 11:15:08,380 - INFO - the center slice index is 79
2025-05-08 11:15:08,451 - INFO - the center slice index is 255
2025-05-08 11:15:08,508 - INFO - the center slice index is 255
2025-05-08 11:15:08,646 - INFO - Image loaded successfully
2025-05-08 11:15:11,155 - INFO - A layer added: Layer 1, and active layer is now Layer 1
2025-05-08 11:15:11,978 - INFO - Paint tool activated
2025-05-08 11:15:37,288 - INFO - Application started
2025-05-08 11:15:43,811 - INFO - SegmentationListManager initialized
2025-05-08 11:15:44,846 - INFO - MainWindow initialized
2025-05-08 11:15:48,121 - INFO - MainWindow is closing.
2025-05-08 11:15:48,212 - INFO - Application is quitting.
2025-05-08 11:16:15,337 - INFO - Application started
2025-05-08 11:16:22,102 - INFO - SegmentationListManager initialized
2025-05-08 11:16:23,153 - INFO - MainWindow initialized
2025-05-08 11:16:25,428 - INFO - Loading image from C:/Users/jkim20/Documents/projects/vtk_image_labeler_3d/sample_data/Dataset101_Eye[ul]L/imagesTr/eye[ul]l_0_0000.mha
2025-05-08 11:16:25,429 - INFO - File extension: .mha
2025-05-08 11:16:25,945 - INFO - dims=(512, 512, 160)
2025-05-08 11:16:25,945 - INFO - spacing=(0.9765625, 0.9765625, 1.0)
2025-05-08 11:16:25,946 - INFO - original_origin=(-249.51171875, -528.51171875, -1190.0)
2025-05-08 11:16:26,079 - INFO - the center slice index is 79
2025-05-08 11:16:26,153 - INFO - the center slice index is 255
2025-05-08 11:16:26,209 - INFO - the center slice index is 255
2025-05-08 11:16:26,337 - INFO - Image loaded successfully
2025-05-08 11:16:29,550 - INFO - A layer added: Layer 1, and active layer is now Layer 1
2025-05-08 11:16:33,873 - INFO - Paint tool activated
2025-05-08 11:16:51,228 - INFO - A layer added: Layer 2, and active layer is now Layer 2
2025-05-08 11:17:55,841 - INFO - MainWindow is closing.
2025-05-08 11:17:55,903 - INFO - Application is quitting.
2025-05-08 11:23:09,514 - INFO - Application started
2025-05-08 11:23:15,976 - INFO - SegmentationListManager initialized
2025-05-08 11:23:17,027 - INFO - MainWindow initialized
2025-05-08 11:23:19,070 - INFO - Loading image from C:/Users/jkim20/Documents/projects/vtk_image_labeler_3d/sample_data/Dataset101_Eye[ul]L/imagesTr/eye[ul]l_0_0000.mha
2025-05-08 11:23:19,070 - INFO - File extension: .mha
2025-05-08 11:23:19,577 - INFO - dims=(512, 512, 160)
2025-05-08 11:23:19,578 - INFO - spacing=(0.9765625, 0.9765625, 1.0)
2025-05-08 11:23:19,578 - INFO - original_origin=(-249.51171875, -528.51171875, -1190.0)
2025-05-08 11:23:19,702 - INFO - the center slice index is 79
2025-05-08 11:23:19,772 - INFO - the center slice index is 255
2025-05-08 11:23:19,829 - INFO - the center slice index is 255
2025-05-08 11:23:19,966 - INFO - Image loaded successfully
2025-05-08 11:23:23,718 - INFO - A layer added: Layer 1, and active layer is now Layer 1
2025-05-08 11:23:26,309 - INFO - Paint tool activated
2025-05-08 11:23:38,349 - INFO - MainWindow is closing.
2025-05-08 11:23:38,437 - INFO - Application is quitting.
2025-05-08 12:28:35,294 - INFO - Application started
2025-05-08 12:28:52,064 - INFO - SegmentationListManager initialized
2025-05-08 12:28:54,262 - INFO - MainWindow initialized
2025-05-08 12:29:02,357 - INFO - Loading image from C:/Users/jkim20/Documents/projects/vtk_image_labeler_3d/sample_data/Dataset101_Eye[ul]L/imagesTr/eye[ul]l_0_0000.mha
2025-05-08 12:29:02,358 - INFO - File extension: .mha
2025-05-08 12:29:02,867 - INFO - dims=(512, 512, 160)
2025-05-08 12:29:02,867 - INFO - spacing=(0.9765625, 0.9765625, 1.0)
2025-05-08 12:29:02,868 - INFO - original_origin=(-249.51171875, -528.51171875, -1190.0)
2025-05-08 12:29:02,991 - INFO - the center slice index is 79
2025-05-08 12:29:03,065 - INFO - the center slice index is 255
2025-05-08 12:29:03,122 - INFO - the center slice index is 255
2025-05-08 12:29:03,260 - INFO - Image loaded successfully
2025-05-08 12:29:05,880 - INFO - A layer added: Layer 1, and active layer is now Layer 1
2025-05-08 12:29:22,549 - INFO - Paint tool activated
2025-05-08 12:29:41,884 - INFO - MainWindow is closing.
2025-05-08 12:29:41,946 - INFO - Application is quitting.
2025-05-08 13:08:42,720 - INFO - Application started
2025-05-08 13:09:36,596 - INFO - Application started
2025-05-08 13:09:58,060 - INFO - SegmentationListManager initialized
2025-05-08 13:10:00,316 - INFO - MainWindow initialized
2025-05-08 13:10:02,441 - INFO - Loading image from C:/Users/jkim20/Documents/projects/vtk_image_labeler_3d/sample_data/Dataset101_Eye[ul]L/imagesTr/eye[ul]l_0_0000.mha
2025-05-08 13:10:02,442 - INFO - File extension: .mha
2025-05-08 13:10:02,957 - INFO - dims=(512, 512, 160)
2025-05-08 13:10:02,957 - INFO - spacing=(0.9765625, 0.9765625, 1.0)
2025-05-08 13:10:02,958 - INFO - original_origin=(-249.51171875, -528.51171875, -1190.0)
2025-05-08 13:10:03,084 - INFO - the center slice index is 79
2025-05-08 13:10:03,173 - INFO - the center slice index is 255
2025-05-08 13:10:03,230 - INFO - the center slice index is 255
2025-05-08 13:10:03,334 - INFO - Image loaded successfully
2025-05-08 13:10:07,029 - INFO - A layer added: Layer 1, and active layer is now Layer 1
2025-05-08 13:10:11,587 - INFO - Paint tool activated
2025-05-08 13:10:35,154 - INFO - MainWindow is closing.
2025-05-08 13:10:35,218 - INFO - Application is quitting.
2025-05-08 13:10:48,803 - INFO - Application started
2025-05-08 13:10:55,401 - INFO - SegmentationListManager initialized
2025-05-08 13:10:56,466 - INFO - MainWindow initialized
2025-05-08 13:10:58,353 - INFO - Loading image from C:/Users/jkim20/Documents/projects/vtk_image_labeler_3d/sample_data/Dataset101_Eye[ul]L/imagesTr/eye[ul]l_0_0000.mha
2025-05-08 13:10:58,354 - INFO - File extension: .mha
2025-05-08 13:10:58,859 - INFO - dims=(512, 512, 160)
2025-05-08 13:10:58,860 - INFO - spacing=(0.9765625, 0.9765625, 1.0)
2025-05-08 13:10:58,860 - INFO - original_origin=(-249.51171875, -528.51171875, -1190.0)
2025-05-08 13:10:58,985 - INFO - the center slice index is 79
2025-05-08 13:10:59,057 - INFO - the center slice index is 255
2025-05-08 13:10:59,114 - INFO - the center slice index is 255
2025-05-08 13:10:59,251 - INFO - Image loaded successfully
2025-05-08 13:11:01,392 - INFO - A layer added: Layer 1, and active layer is now Layer 1
2025-05-08 13:11:05,217 - INFO - Paint tool activated
2025-05-08 13:11:26,226 - INFO - MainWindow is closing.
2025-05-08 13:11:26,309 - INFO - Application is quitting.
2025-05-08 13:13:20,017 - INFO - Application started
2025-05-08 13:13:26,481 - INFO - SegmentationListManager initialized
2025-05-08 13:13:27,526 - INFO - MainWindow initialized
2025-05-08 13:13:29,107 - INFO - Loading image from C:/Users/jkim20/Documents/projects/vtk_image_labeler_3d/sample_data/Dataset101_Eye[ul]L/imagesTr/eye[ul]l_0_0000.mha
2025-05-08 13:13:29,108 - INFO - File extension: .mha
2025-05-08 13:13:29,614 - INFO - dims=(512, 512, 160)
2025-05-08 13:13:29,614 - INFO - spacing=(0.9765625, 0.9765625, 1.0)
2025-05-08 13:13:29,615 - INFO - original_origin=(-249.51171875, -528.51171875, -1190.0)
2025-05-08 13:13:29,742 - INFO - the center slice index is 79
2025-05-08 13:13:29,813 - INFO - the center slice index is 255
2025-05-08 13:13:29,870 - INFO - the center slice index is 255
2025-05-08 13:13:30,011 - INFO - Image loaded successfully
2025-05-08 13:13:53,464 - INFO - A layer added: Layer 1, and active layer is now Layer 1
2025-05-08 13:13:58,247 - INFO - MainWindow is closing.
2025-05-08 13:13:58,308 - INFO - Application is quitting.
2025-05-08 13:14:30,586 - INFO - Application started
2025-05-08 13:14:37,083 - INFO - SegmentationListManager initialized
2025-05-08 13:14:38,140 - INFO - MainWindow initialized
2025-05-08 13:14:39,969 - INFO - Loading image from C:/Users/jkim20/Documents/projects/vtk_image_labeler_3d/sample_data/Dataset101_Eye[ul]L/imagesTr/eye[ul]l_0_0000.mha
2025-05-08 13:14:39,969 - INFO - File extension: .mha
2025-05-08 13:14:40,475 - INFO - dims=(512, 512, 160)
2025-05-08 13:14:40,475 - INFO - spacing=(0.9765625, 0.9765625, 1.0)
2025-05-08 13:14:40,476 - INFO - original_origin=(-249.51171875, -528.51171875, -1190.0)
2025-05-08 13:14:40,601 - INFO - the center slice index is 79
2025-05-08 13:14:40,675 - INFO - the center slice index is 255
2025-05-08 13:14:40,731 - INFO - the center slice index is 255
2025-05-08 13:14:40,827 - INFO - Image loaded successfully
2025-05-08 13:14:44,272 - INFO - A layer added: Layer 1, and active layer is now Layer 1
2025-05-08 13:15:30,742 - INFO - Paint tool activated
2025-05-08 13:16:29,930 - INFO - MainWindow is closing.
2025-05-08 13:16:30,017 - INFO - Application is quitting.
2025-05-08 13:26:56,951 - INFO - Application started
2025-05-08 13:27:03,462 - INFO - SegmentationListManager initialized
2025-05-08 13:27:04,517 - INFO - MainWindow initialized
2025-05-08 13:27:06,231 - INFO - Loading image from C:/Users/jkim20/Documents/projects/vtk_image_labeler_3d/sample_data/Dataset101_Eye[ul]L/imagesTr/eye[ul]l_0_0000.mha
2025-05-08 13:27:06,232 - INFO - File extension: .mha
2025-05-08 13:27:06,733 - INFO - dims=(512, 512, 160)
2025-05-08 13:27:06,734 - INFO - spacing=(0.9765625, 0.9765625, 1.0)
2025-05-08 13:27:06,734 - INFO - original_origin=(-249.51171875, -528.51171875, -1190.0)
2025-05-08 13:27:06,858 - INFO - the center slice index is 79
2025-05-08 13:27:06,927 - INFO - the center slice index is 255
2025-05-08 13:27:06,983 - INFO - the center slice index is 255
2025-05-08 13:27:28,817 - INFO - Image loaded successfully
2025-05-08 13:27:37,392 - INFO - MainWindow is closing.
2025-05-08 13:27:37,450 - INFO - Application is quitting.
2025-05-08 13:27:56,310 - INFO - Application started
2025-05-08 13:28:02,762 - INFO - SegmentationListManager initialized
2025-05-08 13:28:03,821 - INFO - MainWindow initialized
2025-05-08 13:28:05,641 - INFO - Loading image from C:/Users/jkim20/Documents/projects/vtk_image_labeler_3d/sample_data/Dataset101_Eye[ul]L/imagesTr/eye[ul]l_0_0000.mha
2025-05-08 13:28:05,641 - INFO - File extension: .mha
2025-05-08 13:28:06,170 - INFO - dims=(512, 512, 160)
2025-05-08 13:28:06,170 - INFO - spacing=(0.9765625, 0.9765625, 1.0)
2025-05-08 13:28:06,171 - INFO - original_origin=(-249.51171875, -528.51171875, -1190.0)
2025-05-08 13:28:06,294 - INFO - the center slice index is 79
2025-05-08 13:28:06,364 - INFO - the center slice index is 255
2025-05-08 13:28:06,421 - INFO - the center slice index is 255
2025-05-08 13:28:15,490 - INFO - Image loaded successfully
2025-05-08 13:28:21,361 - INFO - MainWindow is closing.
2025-05-08 13:28:21,432 - INFO - Application is quitting.
2025-05-08 13:28:38,280 - INFO - Application started
2025-05-08 13:28:44,723 - INFO - SegmentationListManager initialized
2025-05-08 13:28:45,783 - INFO - MainWindow initialized
2025-05-08 13:28:47,376 - INFO - Loading image from C:/Users/jkim20/Documents/projects/vtk_image_labeler_3d/sample_data/Dataset101_Eye[ul]L/imagesTr/eye[ul]l_0_0000.mha
2025-05-08 13:28:47,376 - INFO - File extension: .mha
2025-05-08 13:28:47,874 - INFO - dims=(512, 512, 160)
2025-05-08 13:28:47,874 - INFO - spacing=(0.9765625, 0.9765625, 1.0)
2025-05-08 13:28:47,874 - INFO - original_origin=(-249.51171875, -528.51171875, -1190.0)
2025-05-08 13:28:48,001 - INFO - the center slice index is 79
2025-05-08 13:28:48,074 - INFO - the center slice index is 255
2025-05-08 13:28:48,129 - INFO - the center slice index is 255
2025-05-08 13:28:48,227 - INFO - Image loaded successfully
2025-05-08 13:28:54,495 - INFO - A layer added: Layer 1, and active layer is now Layer 1
2025-05-08 13:29:00,337 - INFO - Paint tool activated
2025-05-08 14:00:26,908 - INFO - MainWindow is closing.
2025-05-08 14:00:27,046 - INFO - Application is quitting.
2025-05-08 15:49:34,751 - INFO - Application started
2025-05-08 15:49:41,188 - INFO - SegmentationListManager initialized
2025-05-08 15:49:42,238 - INFO - MainWindow initialized
2025-05-08 15:49:47,707 - INFO - Loading image from C:/Users/jkim20/Documents/projects/vtk_image_labeler_3d/sample_data/Dataset101_Eye[ul]L/imagesTr/eye[ul]l_0_0000.mha
2025-05-08 15:49:47,707 - INFO - File extension: .mha
2025-05-08 15:49:48,213 - INFO - dims=(512, 512, 160)
2025-05-08 15:49:48,214 - INFO - spacing=(0.9765625, 0.9765625, 1.0)
2025-05-08 15:49:48,214 - INFO - original_origin=(-249.51171875, -528.51171875, -1190.0)
2025-05-08 15:49:48,339 - INFO - the center slice index is 79
2025-05-08 15:49:48,412 - INFO - the center slice index is 255
2025-05-08 15:49:48,469 - INFO - the center slice index is 255
2025-05-08 15:49:48,581 - INFO - Image loaded successfully
2025-05-08 15:49:53,631 - INFO - A layer added: Layer 1, and active layer is now Layer 1
2025-05-08 16:06:13,576 - INFO - Application started
2025-05-08 16:06:20,020 - INFO - SegmentationListManager initialized
2025-05-08 16:06:21,072 - INFO - MainWindow initialized
2025-05-08 16:06:23,618 - INFO - Loading image from C:/Users/jkim20/Documents/projects/vtk_image_labeler_3d/sample_data/Dataset101_Eye[ul]L/imagesTr/eye[ul]l_0_0000.mha
2025-05-08 16:06:23,619 - INFO - File extension: .mha
2025-05-08 16:06:24,115 - INFO - dims=(512, 512, 160)
2025-05-08 16:06:24,116 - INFO - spacing=(0.9765625, 0.9765625, 1.0)
2025-05-08 16:06:24,116 - INFO - original_origin=(-249.51171875, -528.51171875, -1190.0)
2025-05-08 16:06:24,244 - INFO - the center slice index is 79
2025-05-08 16:06:24,319 - INFO - the center slice index is 255
2025-05-08 16:06:24,374 - INFO - the center slice index is 255
2025-05-08 16:06:24,473 - INFO - Image loaded successfully
2025-05-08 16:06:27,235 - INFO - A layer added: Layer 1, and active layer is now Layer 1
2025-05-08 16:06:34,538 - INFO - Paint tool activated
2025-05-08 16:06:38,701 - INFO - MainWindow is closing.
2025-05-08 16:06:41,921 - INFO - Application is quitting.
2025-05-08 16:07:41,897 - INFO - Application started
2025-05-08 16:08:06,850 - INFO - Application started
2025-05-08 16:08:13,628 - INFO - SegmentationListManager initialized
2025-05-08 16:08:14,678 - INFO - MainWindow initialized
2025-05-08 16:08:16,690 - INFO - Loading image from C:/Users/jkim20/Documents/projects/vtk_image_labeler_3d/sample_data/Dataset101_Eye[ul]L/imagesTr/eye[ul]l_0_0000.mha
2025-05-08 16:08:16,690 - INFO - File extension: .mha
2025-05-08 16:08:17,218 - INFO - dims=(512, 512, 160)
2025-05-08 16:08:17,218 - INFO - spacing=(0.9765625, 0.9765625, 1.0)
2025-05-08 16:08:17,219 - INFO - original_origin=(-249.51171875, -528.51171875, -1190.0)
2025-05-08 16:08:17,346 - INFO - the center slice index is 79
2025-05-08 16:08:17,419 - INFO - the center slice index is 255
2025-05-08 16:08:17,475 - INFO - the center slice index is 255
2025-05-08 16:08:17,573 - INFO - Image loaded successfully
2025-05-08 16:08:19,495 - INFO - A layer added: Layer 1, and active layer is now Layer 1
2025-05-08 16:08:42,666 - INFO - MainWindow is closing.
2025-05-08 16:08:42,748 - INFO - Application is quitting.
2025-05-08 16:37:27,721 - INFO - Application started
2025-05-08 16:37:34,280 - INFO - SegmentationListManager initialized
2025-05-08 16:37:35,336 - INFO - MainWindow initialized
2025-05-08 16:40:25,827 - INFO - Loading image from C:/Users/jkim20/Documents/projects/vtk_image_labeler_3d/sample_data/Dataset101_Eye[ul]L/imagesTr/eye[ul]l_0_0000.mha
2025-05-08 16:40:25,827 - INFO - File extension: .mha
2025-05-08 16:40:26,320 - INFO - dims=(512, 512, 160)
2025-05-08 16:40:26,321 - INFO - spacing=(0.9765625, 0.9765625, 1.0)
2025-05-08 16:40:26,321 - INFO - original_origin=(-249.51171875, -528.51171875, -1190.0)
2025-05-08 16:40:26,447 - INFO - the center slice index is 79
2025-05-08 16:40:26,504 - INFO - the center slice index is 255
2025-05-08 16:40:26,565 - INFO - the center slice index is 255
2025-05-08 16:40:26,664 - INFO - Image loaded successfully
2025-05-08 16:40:32,865 - INFO - A layer added: Layer 1, and active layer is now Layer 1
2025-05-08 16:46:45,512 - INFO - Application started
2025-05-08 16:46:52,018 - INFO - SegmentationListManager initialized
2025-05-08 16:46:53,065 - INFO - MainWindow initialized
2025-05-08 16:46:54,919 - INFO - Loading image from C:/Users/jkim20/Documents/projects/vtk_image_labeler_3d/sample_data/Dataset101_Eye[ul]L/imagesTr/eye[ul]l_0_0000.mha
2025-05-08 16:46:54,920 - INFO - File extension: .mha
2025-05-08 16:46:55,451 - INFO - dims=(512, 512, 160)
2025-05-08 16:46:55,452 - INFO - spacing=(0.9765625, 0.9765625, 1.0)
2025-05-08 16:46:55,452 - INFO - original_origin=(-249.51171875, -528.51171875, -1190.0)
2025-05-08 16:46:55,575 - INFO - the center slice index is 79
2025-05-08 16:46:55,646 - INFO - the center slice index is 255
2025-05-08 16:46:55,702 - INFO - the center slice index is 255
2025-05-08 16:46:55,807 - INFO - Image loaded successfully
2025-05-08 16:46:57,703 - INFO - A layer added: Layer 1, and active layer is now Layer 1
2025-05-08 16:49:04,174 - INFO - Application started
2025-05-08 16:49:10,698 - INFO - SegmentationListManager initialized
2025-05-08 16:49:11,748 - INFO - MainWindow initialized
2025-05-08 16:49:13,440 - INFO - Loading image from C:/Users/jkim20/Documents/projects/vtk_image_labeler_3d/sample_data/Dataset101_Eye[ul]L/imagesTr/eye[ul]l_0_0000.mha
2025-05-08 16:49:13,441 - INFO - File extension: .mha
2025-05-08 16:49:13,956 - INFO - dims=(512, 512, 160)
2025-05-08 16:49:13,956 - INFO - spacing=(0.9765625, 0.9765625, 1.0)
2025-05-08 16:49:13,956 - INFO - original_origin=(-249.51171875, -528.51171875, -1190.0)
2025-05-08 16:49:14,080 - INFO - the center slice index is 79
2025-05-08 16:49:14,154 - INFO - the center slice index is 255
2025-05-08 16:49:14,212 - INFO - the center slice index is 255
2025-05-08 16:49:14,312 - INFO - Image loaded successfully
2025-05-08 16:49:15,867 - INFO - A layer added: Layer 1, and active layer is now Layer 1
2025-05-08 16:49:58,646 - INFO - MainWindow is closing.
2025-05-08 16:49:58,708 - INFO - Application is quitting.
2025-05-08 16:53:31,905 - INFO - Application started
2025-05-08 16:53:38,589 - INFO - SegmentationListManager initialized
2025-05-08 16:53:39,635 - INFO - MainWindow initialized
2025-05-08 16:53:41,389 - INFO - Loading image from C:/Users/jkim20/Documents/projects/vtk_image_labeler_3d/sample_data/Dataset101_Eye[ul]L/imagesTr/eye[ul]l_0_0000.mha
2025-05-08 16:53:41,390 - INFO - File extension: .mha
2025-05-08 16:53:41,881 - INFO - dims=(512, 512, 160)
2025-05-08 16:53:41,882 - INFO - spacing=(0.9765625, 0.9765625, 1.0)
2025-05-08 16:53:41,882 - INFO - original_origin=(-249.51171875, -528.51171875, -1190.0)
2025-05-08 16:53:42,005 - INFO - the center slice index is 79
2025-05-08 16:53:42,077 - INFO - the center slice index is 255
2025-05-08 16:53:42,134 - INFO - the center slice index is 255
2025-05-08 16:53:42,233 - INFO - Image loaded successfully
2025-05-08 16:53:45,818 - INFO - A layer added: Layer 1, and active layer is now Layer 1
2025-05-08 16:53:54,838 - INFO - MainWindow is closing.
2025-05-08 16:53:54,908 - INFO - Application is quitting.
2025-05-08 17:38:40,678 - INFO - Application started
2025-05-08 17:38:47,169 - INFO - SegmentationListManager initialized
2025-05-08 17:38:48,231 - INFO - MainWindow initialized
2025-05-08 17:38:50,398 - INFO - Loading image from C:/Users/jkim20/Documents/projects/vtk_image_labeler_3d/sample_data/Dataset101_Eye[ul]L/imagesTr/eye[ul]l_0_0000.mha
2025-05-08 17:38:50,399 - INFO - File extension: .mha
2025-05-08 17:38:50,907 - INFO - dims=(512, 512, 160)
2025-05-08 17:38:50,907 - INFO - spacing=(0.9765625, 0.9765625, 1.0)
2025-05-08 17:38:50,908 - INFO - original_origin=(-249.51171875, -528.51171875, -1190.0)
2025-05-08 17:38:51,033 - INFO - the center slice index is 79
2025-05-08 17:38:51,103 - INFO - the center slice index is 255
2025-05-08 17:38:51,161 - INFO - the center slice index is 255
2025-05-08 17:38:51,261 - INFO - Image loaded successfully
2025-05-08 17:38:52,852 - INFO - A layer added: Layer 1, and active layer is now Layer 1
2025-05-08 17:39:02,203 - INFO - MainWindow is closing.
2025-05-08 17:39:02,264 - INFO - Application is quitting.
2025-05-08 17:46:49,393 - INFO - Application started
2025-05-08 17:46:56,200 - INFO - SegmentationListManager initialized
2025-05-08 17:46:57,243 - INFO - MainWindow initialized
2025-05-08 17:46:59,648 - INFO - Loading image from C:/Users/jkim20/Documents/projects/vtk_image_labeler_3d/sample_data/Dataset101_Eye[ul]L/imagesTr/eye[ul]l_0_0000.mha
2025-05-08 17:46:59,649 - INFO - File extension: .mha
2025-05-08 17:47:00,177 - INFO - dims=(512, 512, 160)
2025-05-08 17:47:00,178 - INFO - spacing=(0.9765625, 0.9765625, 1.0)
2025-05-08 17:47:00,178 - INFO - original_origin=(-249.51171875, -528.51171875, -1190.0)
2025-05-08 17:47:00,322 - INFO - the center slice index is 79
2025-05-08 17:47:00,413 - INFO - the center slice index is 255
2025-05-08 17:47:00,469 - INFO - the center slice index is 255
2025-05-08 17:47:00,579 - INFO - Image loaded successfully
2025-05-08 17:47:32,601 - INFO - A layer added: Layer 1, and active layer is now Layer 1
2025-05-08 17:47:38,280 - INFO - Paint tool activated
2025-05-08 17:52:21,796 - INFO - Application started
2025-05-08 17:52:28,543 - INFO - SegmentationListManager initialized
2025-05-08 17:52:29,585 - INFO - MainWindow initialized
2025-05-08 17:52:31,334 - INFO - Loading image from C:/Users/jkim20/Documents/projects/vtk_image_labeler_3d/sample_data/Dataset101_Eye[ul]L/imagesTr/eye[ul]l_0_0000.mha
2025-05-08 17:52:31,335 - INFO - File extension: .mha
2025-05-08 17:52:31,867 - INFO - dims=(512, 512, 160)
2025-05-08 17:52:31,867 - INFO - spacing=(0.9765625, 0.9765625, 1.0)
2025-05-08 17:52:31,868 - INFO - original_origin=(-249.51171875, -528.51171875, -1190.0)
2025-05-08 17:52:31,995 - INFO - the center slice index is 79
2025-05-08 17:52:32,064 - INFO - the center slice index is 255
2025-05-08 17:52:32,120 - INFO - the center slice index is 255
2025-05-08 17:52:32,220 - INFO - Image loaded successfully
2025-05-08 17:52:33,444 - INFO - A layer added: Layer 1, and active layer is now Layer 1
2025-05-08 17:52:39,166 - INFO - Paint tool activated
2025-05-08 17:53:35,359 - INFO - Application started
2025-05-08 17:53:41,863 - INFO - SegmentationListManager initialized
2025-05-08 17:53:42,926 - INFO - MainWindow initialized
2025-05-08 17:53:44,766 - INFO - Loading image from C:/Users/jkim20/Documents/projects/vtk_image_labeler_3d/sample_data/Dataset101_Eye[ul]L/imagesTr/eye[ul]l_0_0000.mha
2025-05-08 17:53:44,767 - INFO - File extension: .mha
2025-05-08 17:53:45,291 - INFO - dims=(512, 512, 160)
2025-05-08 17:53:45,301 - INFO - spacing=(0.9765625, 0.9765625, 1.0)
2025-05-08 17:53:45,301 - INFO - original_origin=(-249.51171875, -528.51171875, -1190.0)
2025-05-08 17:53:45,425 - INFO - the center slice index is 79
2025-05-08 17:53:45,498 - INFO - the center slice index is 255
2025-05-08 17:53:45,554 - INFO - the center slice index is 255
2025-05-08 17:53:45,654 - INFO - Image loaded successfully
2025-05-08 17:53:47,297 - INFO - A layer added: Layer 1, and active layer is now Layer 1
2025-05-08 17:53:49,607 - INFO - Paint tool activated
2025-05-08 17:55:35,301 - INFO - MainWindow is closing.
2025-05-08 17:55:35,375 - INFO - Application is quitting.
2025-05-08 18:00:45,356 - INFO - Application started
2025-05-08 18:00:51,940 - INFO - SegmentationListManager initialized
2025-05-08 18:00:52,995 - INFO - MainWindow initialized
2025-05-08 18:00:54,806 - INFO - Loading image from C:/Users/jkim20/Documents/projects/vtk_image_labeler_3d/sample_data/Dataset101_Eye[ul]L/imagesTr/eye[ul]l_0_0000.mha
2025-05-08 18:00:54,807 - INFO - File extension: .mha
2025-05-08 18:00:55,353 - INFO - dims=(512, 512, 160)
2025-05-08 18:00:55,353 - INFO - spacing=(0.9765625, 0.9765625, 1.0)
2025-05-08 18:00:55,353 - INFO - original_origin=(-249.51171875, -528.51171875, -1190.0)
2025-05-08 18:00:55,482 - INFO - the center slice index is 79
2025-05-08 18:00:55,555 - INFO - the center slice index is 255
2025-05-08 18:00:55,610 - INFO - the center slice index is 255
2025-05-08 18:00:55,707 - INFO - Image loaded successfully
2025-05-08 18:00:57,641 - INFO - A layer added: Layer 1, and active layer is now Layer 1
2025-05-08 18:01:07,897 - INFO - MainWindow is closing.
2025-05-08 18:01:07,982 - INFO - Application is quitting.
2025-05-08 18:02:08,050 - INFO - Application started
2025-05-08 18:02:14,571 - INFO - SegmentationListManager initialized
2025-05-08 18:02:15,625 - INFO - MainWindow initialized
2025-05-08 18:02:17,346 - INFO - Loading image from C:/Users/jkim20/Documents/projects/vtk_image_labeler_3d/sample_data/Dataset101_Eye[ul]L/imagesTr/eye[ul]l_0_0000.mha
2025-05-08 18:02:17,347 - INFO - File extension: .mha
2025-05-08 18:02:17,875 - INFO - dims=(512, 512, 160)
2025-05-08 18:02:17,876 - INFO - spacing=(0.9765625, 0.9765625, 1.0)
2025-05-08 18:02:17,876 - INFO - original_origin=(-249.51171875, -528.51171875, -1190.0)
2025-05-08 18:02:17,998 - INFO - the center slice index is 79
2025-05-08 18:02:18,067 - INFO - the center slice index is 255
2025-05-08 18:02:18,124 - INFO - the center slice index is 255
2025-05-08 18:02:18,223 - INFO - Image loaded successfully
2025-05-08 18:02:20,237 - INFO - A layer added: Layer 1, and active layer is now Layer 1
2025-05-08 18:02:22,794 - INFO - Paint tool activated
2025-05-08 18:02:41,434 - INFO - MainWindow is closing.
2025-05-08 18:02:41,534 - INFO - Application is quitting.
2025-05-08 18:04:12,225 - INFO - Application started
2025-05-08 18:04:18,695 - INFO - SegmentationListManager initialized
2025-05-08 18:04:19,751 - INFO - MainWindow initialized
2025-05-08 18:04:22,009 - INFO - MainWindow is closing.
2025-05-08 18:04:22,074 - INFO - Application is quitting.
2025-05-08 18:05:17,670 - INFO - Application started
2025-05-08 18:05:24,263 - INFO - SegmentationListManager initialized
2025-05-08 18:05:25,299 - INFO - MainWindow initialized
2025-05-08 18:05:27,787 - INFO - Loading image from C:/Users/jkim20/Documents/projects/vtk_image_labeler_3d/sample_data/Dataset101_Eye[ul]L/imagesTr/eye[ul]l_0_0000.mha
2025-05-08 18:05:27,787 - INFO - File extension: .mha
2025-05-08 18:05:28,309 - INFO - dims=(512, 512, 160)
2025-05-08 18:05:28,309 - INFO - spacing=(0.9765625, 0.9765625, 1.0)
2025-05-08 18:05:28,309 - INFO - original_origin=(-249.51171875, -528.51171875, -1190.0)
2025-05-08 18:05:28,432 - INFO - the center slice index is 79
2025-05-08 18:05:28,504 - INFO - the center slice index is 255
2025-05-08 18:05:28,561 - INFO - the center slice index is 255
2025-05-08 18:05:28,666 - INFO - Image loaded successfully
2025-05-08 18:05:30,262 - INFO - A layer added: Layer 1, and active layer is now Layer 1
2025-05-08 18:05:33,056 - INFO - Paint tool activated
2025-05-08 18:06:45,340 - INFO - Application started
2025-05-08 18:06:52,015 - INFO - SegmentationListManager initialized
2025-05-08 18:06:53,065 - INFO - MainWindow initialized
2025-05-08 18:06:55,719 - INFO - Loading image from C:/Users/jkim20/Documents/projects/vtk_image_labeler_3d/sample_data/Dataset101_Eye[ul]L/imagesTr/eye[ul]l_0_0000.mha
2025-05-08 18:06:55,719 - INFO - File extension: .mha
2025-05-08 18:06:56,243 - INFO - dims=(512, 512, 160)
2025-05-08 18:06:56,243 - INFO - spacing=(0.9765625, 0.9765625, 1.0)
2025-05-08 18:06:56,243 - INFO - original_origin=(-249.51171875, -528.51171875, -1190.0)
2025-05-08 18:06:56,368 - INFO - the center slice index is 79
2025-05-08 18:06:56,440 - INFO - the center slice index is 255
2025-05-08 18:06:56,496 - INFO - the center slice index is 255
2025-05-08 18:06:56,595 - INFO - Image loaded successfully
2025-05-08 18:06:59,042 - INFO - A layer added: Layer 1, and active layer is now Layer 1
2025-05-08 18:07:03,504 - INFO - Paint tool activated
2025-05-08 18:07:26,776 - INFO - MainWindow is closing.
2025-05-08 18:07:26,866 - INFO - Application is quitting.
