2025-05-15 09:26:52,906 - INFO - Application started
2025-05-15 09:26:58,960 - INFO - SegmentationListManager initialized
2025-05-15 09:26:59,932 - INFO - MainWindow initialized
2025-05-15 09:27:03,828 - INFO - Loading image from C:/Users/jkim20/Documents/projects/vtk_image_labeler_3d/sample_data/Dataset101_Eye[ul]L/imagesTr/eye[ul]l_0_0000.mha
2025-05-15 09:27:03,828 - INFO - File extension: .mha
2025-05-15 09:27:04,321 - INFO - dims=(512, 512, 160)
2025-05-15 09:27:04,321 - INFO - spacing=(0.9765625, 0.9765625, 1.0)
2025-05-15 09:27:04,321 - INFO - original_origin=(-249.51171875, -528.51171875, -1190.0)
2025-05-15 09:27:04,451 - INFO - the center slice index is 79
2025-05-15 09:27:04,529 - INFO - the center slice index is 255
2025-05-15 09:27:04,585 - INFO - the center slice index is 255
2025-05-15 09:27:04,677 - INFO - Image loaded successfully
2025-05-15 09:28:20,649 - INFO - Application started
2025-05-15 09:28:26,604 - INFO - SegmentationListManager initialized
2025-05-15 09:28:27,559 - INFO - MainWindow initialized
2025-05-15 09:45:30,201 - INFO - Loading image from C:/Users/jkim20/Documents/projects/vtk_image_labeler_3d/sample_data/Dataset101_Eye[ul]L/imagesTr/eye[ul]l_0_0000.mha
2025-05-15 09:45:30,201 - INFO - File extension: .mha
2025-05-15 09:45:30,648 - INFO - dims=(512, 512, 160)
2025-05-15 09:45:30,648 - INFO - spacing=(0.9765625, 0.9765625, 1.0)
2025-05-15 09:45:30,648 - INFO - original_origin=(-249.51171875, -528.51171875, -1190.0)
2025-05-15 09:45:30,782 - INFO - the center slice index is 79
2025-05-15 09:45:30,853 - INFO - the center slice index is 255
2025-05-15 09:45:30,923 - INFO - the center slice index is 255
2025-05-15 09:45:31,015 - INFO - Image loaded successfully
2025-05-15 09:45:31,840 - INFO - A layer added: Layer 1, and active layer is now Layer 1
2025-05-15 09:45:33,316 - INFO - Paint tool activated
2025-05-15 09:57:57,288 - INFO - Application started
2025-05-15 09:58:03,217 - INFO - SegmentationListManager initialized
2025-05-15 09:58:04,174 - INFO - MainWindow initialized
2025-05-15 10:22:57,577 - INFO - Loading image from C:/Users/jkim20/Documents/projects/vtk_image_labeler_3d/sample_data/Dataset101_Eye[ul]L/imagesTr/eye[ul]l_0_0000.mha
2025-05-15 10:22:57,577 - INFO - File extension: .mha
2025-05-15 10:22:58,015 - INFO - dims=(512, 512, 160)
2025-05-15 10:22:58,015 - INFO - spacing=(0.9765625, 0.9765625, 1.0)
2025-05-15 10:22:58,015 - INFO - original_origin=(-249.51171875, -528.51171875, -1190.0)
2025-05-15 10:22:58,160 - INFO - the center slice index is 79
2025-05-15 10:22:58,236 - INFO - the center slice index is 255
2025-05-15 10:22:58,290 - INFO - the center slice index is 255
2025-05-15 10:22:58,384 - INFO - Image loaded successfully
2025-05-15 10:22:59,507 - INFO - A layer added: Layer 1, and active layer is now Layer 1
2025-05-15 10:23:02,681 - INFO - Paint tool activated
2025-05-15 10:24:38,520 - INFO - Application started
2025-05-15 10:29:09,887 - INFO - Application started
2025-05-15 10:29:15,851 - INFO - SegmentationListManager initialized
2025-05-15 10:29:16,807 - INFO - MainWindow initialized
2025-05-15 10:29:30,547 - INFO - Loading image from C:/Users/jkim20/Documents/projects/vtk_image_labeler_3d/sample_data/Dataset101_Eye[ul]L/imagesTr/eye[ul]l_0_0000.mha
2025-05-15 10:29:30,547 - INFO - File extension: .mha
2025-05-15 10:29:31,009 - INFO - dims=(512, 512, 160)
2025-05-15 10:29:31,009 - INFO - spacing=(0.9765625, 0.9765625, 1.0)
2025-05-15 10:29:31,009 - INFO - original_origin=(-249.51171875, -528.51171875, -1190.0)
2025-05-15 10:29:31,140 - INFO - the center slice index is 79
2025-05-15 10:29:31,218 - INFO - the center slice index is 255
2025-05-15 10:29:31,273 - INFO - the center slice index is 255
2025-05-15 10:29:31,367 - INFO - Image loaded successfully
2025-05-15 10:29:33,136 - INFO - A layer added: Layer 1, and active layer is now Layer 1
2025-05-15 10:38:00,397 - INFO - Application started
2025-05-15 10:38:06,699 - INFO - SegmentationListManager initialized
2025-05-15 10:38:07,671 - INFO - MainWindow initialized
2025-05-15 10:38:14,349 - INFO - MainWindow is closing.
2025-05-15 10:38:14,442 - INFO - Application is quitting.
2025-05-15 10:39:03,289 - INFO - Application started
2025-05-15 10:39:11,948 - INFO - SegmentationListManager initialized
2025-05-15 10:39:12,916 - INFO - MainWindow initialized
2025-05-15 10:39:18,128 - INFO - Loading image from C:/Users/jkim20/Documents/projects/vtk_image_labeler_3d/sample_data/Dataset101_Eye[ul]L/imagesTr/eye[ul]l_0_0000.mha
2025-05-15 10:39:18,128 - INFO - File extension: .mha
2025-05-15 10:39:18,636 - INFO - dims=(512, 512, 160)
2025-05-15 10:39:18,636 - INFO - spacing=(0.9765625, 0.9765625, 1.0)
2025-05-15 10:39:18,636 - INFO - original_origin=(-249.51171875, -528.51171875, -1190.0)
2025-05-15 10:39:18,763 - INFO - the center slice index is 79
2025-05-15 10:39:18,851 - INFO - the center slice index is 255
2025-05-15 10:39:18,911 - INFO - the center slice index is 255
2025-05-15 10:39:19,000 - INFO - Image loaded successfully
2025-05-15 10:39:19,859 - INFO - A layer added: Layer 1, and active layer is now Layer 1
2025-05-15 10:39:42,584 - INFO - Paint tool activated
2025-05-15 10:43:48,204 - INFO - Application started
2025-05-15 10:43:54,226 - INFO - SegmentationListManager initialized
2025-05-15 10:43:55,194 - INFO - MainWindow initialized
2025-05-15 10:44:00,457 - INFO - Loading image from C:/Users/jkim20/Documents/projects/vtk_image_labeler_3d/sample_data/Dataset101_Eye[ul]L/imagesTr/eye[ul]l_0_0000.mha
2025-05-15 10:44:00,457 - INFO - File extension: .mha
2025-05-15 10:44:00,920 - INFO - dims=(512, 512, 160)
2025-05-15 10:44:00,920 - INFO - spacing=(0.9765625, 0.9765625, 1.0)
2025-05-15 10:44:00,920 - INFO - original_origin=(-249.51171875, -528.51171875, -1190.0)
2025-05-15 10:44:01,054 - INFO - the center slice index is 79
2025-05-15 10:44:01,108 - INFO - the center slice index is 255
2025-05-15 10:44:01,163 - INFO - the center slice index is 255
2025-05-15 10:44:01,274 - INFO - Image loaded successfully
2025-05-15 10:44:11,639 - INFO - A layer added: Layer 1, and active layer is now Layer 1
2025-05-15 10:44:18,434 - INFO - Paint tool activated
2025-05-15 10:50:28,952 - INFO - Application started
2025-05-15 10:50:39,182 - INFO - SegmentationListManager initialized
2025-05-15 10:50:40,161 - INFO - MainWindow initialized
2025-05-15 10:50:45,798 - INFO - Loading image from C:/Users/jkim20/Documents/projects/vtk_image_labeler_3d/sample_data/Dataset101_Eye[ul]L/imagesTr/eye[ul]l_0_0000.mha
2025-05-15 10:50:45,798 - INFO - File extension: .mha
2025-05-15 10:50:46,291 - INFO - dims=(512, 512, 160)
2025-05-15 10:50:46,291 - INFO - spacing=(0.9765625, 0.9765625, 1.0)
2025-05-15 10:50:46,291 - INFO - original_origin=(-249.51171875, -528.51171875, -1190.0)
2025-05-15 10:50:46,426 - INFO - the center slice index is 79
2025-05-15 10:50:46,497 - INFO - the center slice index is 255
2025-05-15 10:50:46,551 - INFO - the center slice index is 255
2025-05-15 10:50:46,660 - INFO - Image loaded successfully
2025-05-15 10:50:47,776 - INFO - A layer added: Layer 1, and active layer is now Layer 1
2025-05-15 10:50:50,261 - INFO - Paint tool activated
2025-05-15 10:53:11,213 - INFO - Application started
2025-05-15 10:53:17,442 - INFO - SegmentationListManager initialized
2025-05-15 10:53:18,414 - INFO - MainWindow initialized
2025-05-15 10:53:20,565 - INFO - Loading image from C:/Users/jkim20/Documents/projects/vtk_image_labeler_3d/sample_data/Dataset101_Eye[ul]L/imagesTr/eye[ul]l_0_0000.mha
2025-05-15 10:53:20,565 - INFO - File extension: .mha
2025-05-15 10:53:21,057 - INFO - dims=(512, 512, 160)
2025-05-15 10:53:21,057 - INFO - spacing=(0.9765625, 0.9765625, 1.0)
2025-05-15 10:53:21,057 - INFO - original_origin=(-249.51171875, -528.51171875, -1190.0)
2025-05-15 10:53:21,185 - INFO - the center slice index is 79
2025-05-15 10:53:21,262 - INFO - the center slice index is 255
2025-05-15 10:53:21,306 - INFO - the center slice index is 255
2025-05-15 10:53:21,419 - INFO - Image loaded successfully
2025-05-15 10:53:22,597 - INFO - A layer added: Layer 1, and active layer is now Layer 1
2025-05-15 10:53:25,670 - INFO - Paint tool activated
2025-05-15 10:55:31,619 - INFO - Application started
2025-05-15 10:55:37,715 - INFO - SegmentationListManager initialized
2025-05-15 10:55:38,684 - INFO - MainWindow initialized
2025-05-15 10:55:44,629 - INFO - Loading image from C:/Users/jkim20/Documents/projects/vtk_image_labeler_3d/sample_data/Dataset101_Eye[ul]L/imagesTr/eye[ul]l_0_0000.mha
2025-05-15 10:55:44,629 - INFO - File extension: .mha
2025-05-15 10:55:45,143 - INFO - dims=(512, 512, 160)
2025-05-15 10:55:45,143 - INFO - spacing=(0.9765625, 0.9765625, 1.0)
2025-05-15 10:55:45,143 - INFO - original_origin=(-249.51171875, -528.51171875, -1190.0)
2025-05-15 10:55:45,271 - INFO - the center slice index is 79
2025-05-15 10:55:45,349 - INFO - the center slice index is 255
2025-05-15 10:55:45,404 - INFO - the center slice index is 255
2025-05-15 10:55:45,509 - INFO - Image loaded successfully
2025-05-15 10:55:46,595 - INFO - A layer added: Layer 1, and active layer is now Layer 1
2025-05-15 10:55:47,851 - INFO - Paint tool activated
2025-05-15 10:56:54,927 - INFO - Application started
2025-05-15 10:57:01,102 - INFO - SegmentationListManager initialized
2025-05-15 10:57:02,074 - INFO - MainWindow initialized
2025-05-15 10:57:04,947 - INFO - Loading image from C:/Users/jkim20/Documents/projects/vtk_image_labeler_3d/sample_data/Dataset101_Eye[ul]L/imagesTr/eye[ul]l_0_0000.mha
2025-05-15 10:57:04,947 - INFO - File extension: .mha
2025-05-15 10:57:05,426 - INFO - dims=(512, 512, 160)
2025-05-15 10:57:05,426 - INFO - spacing=(0.9765625, 0.9765625, 1.0)
2025-05-15 10:57:05,426 - INFO - original_origin=(-249.51171875, -528.51171875, -1190.0)
2025-05-15 10:57:05,538 - INFO - the center slice index is 79
2025-05-15 10:57:05,617 - INFO - the center slice index is 255
2025-05-15 10:57:05,670 - INFO - the center slice index is 255
2025-05-15 10:57:05,767 - INFO - Image loaded successfully
2025-05-15 10:57:07,411 - INFO - A layer added: Layer 1, and active layer is now Layer 1
2025-05-15 10:57:09,655 - INFO - Paint tool activated
2025-05-15 10:58:44,801 - INFO - Application started
2025-05-15 10:58:50,817 - INFO - SegmentationListManager initialized
2025-05-15 10:58:51,761 - INFO - MainWindow initialized
2025-05-15 10:58:54,944 - INFO - Loading image from C:/Users/jkim20/Documents/projects/vtk_image_labeler_3d/sample_data/Dataset101_Eye[ul]L/imagesTr/eye[ul]l_0_0000.mha
2025-05-15 10:58:54,944 - INFO - File extension: .mha
2025-05-15 10:58:55,422 - INFO - dims=(512, 512, 160)
2025-05-15 10:58:55,422 - INFO - spacing=(0.9765625, 0.9765625, 1.0)
2025-05-15 10:58:55,422 - INFO - original_origin=(-249.51171875, -528.51171875, -1190.0)
2025-05-15 10:58:55,549 - INFO - the center slice index is 79
2025-05-15 10:58:55,620 - INFO - the center slice index is 255
2025-05-15 10:58:55,674 - INFO - the center slice index is 255
2025-05-15 10:58:55,767 - INFO - Image loaded successfully
2025-05-15 10:58:56,412 - INFO - A layer added: Layer 1, and active layer is now Layer 1
2025-05-15 10:59:00,302 - INFO - Paint tool activated
2025-05-15 11:00:37,961 - INFO - Application started
2025-05-15 11:00:43,907 - INFO - SegmentationListManager initialized
2025-05-15 11:00:44,867 - INFO - MainWindow initialized
2025-05-15 11:00:48,464 - INFO - Loading image from C:/Users/jkim20/Documents/projects/vtk_image_labeler_3d/sample_data/Dataset101_Eye[ul]L/imagesTr/eye[ul]l_0_0000.mha
2025-05-15 11:00:48,464 - INFO - File extension: .mha
2025-05-15 11:00:48,924 - INFO - dims=(512, 512, 160)
2025-05-15 11:00:48,924 - INFO - spacing=(0.9765625, 0.9765625, 1.0)
2025-05-15 11:00:48,924 - INFO - original_origin=(-249.51171875, -528.51171875, -1190.0)
2025-05-15 11:00:49,053 - INFO - the center slice index is 79
2025-05-15 11:00:49,129 - INFO - the center slice index is 255
2025-05-15 11:00:49,186 - INFO - the center slice index is 255
2025-05-15 11:00:49,282 - INFO - Image loaded successfully
2025-05-15 11:02:14,461 - INFO - A layer added: Layer 1, and active layer is now Layer 1
2025-05-15 11:02:19,841 - INFO - Paint tool activated
2025-05-15 11:04:08,502 - INFO - Application started
2025-05-15 11:04:14,410 - INFO - SegmentationListManager initialized
2025-05-15 11:04:15,371 - INFO - MainWindow initialized
2025-05-15 11:04:17,491 - INFO - Loading image from C:/Users/jkim20/Documents/projects/vtk_image_labeler_3d/sample_data/Dataset101_Eye[ul]L/imagesTr/eye[ul]l_0_0000.mha
2025-05-15 11:04:17,491 - INFO - File extension: .mha
2025-05-15 11:04:17,997 - INFO - dims=(512, 512, 160)
2025-05-15 11:04:17,997 - INFO - spacing=(0.9765625, 0.9765625, 1.0)
2025-05-15 11:04:17,997 - INFO - original_origin=(-249.51171875, -528.51171875, -1190.0)
2025-05-15 11:04:18,115 - INFO - the center slice index is 79
2025-05-15 11:04:18,202 - INFO - the center slice index is 255
2025-05-15 11:04:18,263 - INFO - the center slice index is 255
2025-05-15 11:04:18,367 - INFO - Image loaded successfully
2025-05-15 11:04:27,892 - INFO - A layer added: Layer 1, and active layer is now Layer 1
2025-05-15 11:04:31,580 - INFO - Paint tool activated
2025-05-15 11:06:46,494 - INFO - Application started
2025-05-15 11:06:52,535 - INFO - SegmentationListManager initialized
2025-05-15 11:06:53,487 - INFO - MainWindow initialized
2025-05-15 11:07:10,047 - INFO - Loading image from C:/Users/jkim20/Documents/projects/vtk_image_labeler_3d/sample_data/Dataset101_Eye[ul]L/imagesTr/eye[ul]l_0_0000.mha
2025-05-15 11:07:10,047 - INFO - File extension: .mha
2025-05-15 11:07:10,541 - INFO - dims=(512, 512, 160)
2025-05-15 11:07:10,541 - INFO - spacing=(0.9765625, 0.9765625, 1.0)
2025-05-15 11:07:10,541 - INFO - original_origin=(-249.51171875, -528.51171875, -1190.0)
2025-05-15 11:07:10,673 - INFO - the center slice index is 79
2025-05-15 11:07:10,746 - INFO - the center slice index is 255
2025-05-15 11:07:10,807 - INFO - the center slice index is 255
2025-05-15 11:07:10,906 - INFO - Image loaded successfully
2025-05-15 11:09:03,962 - INFO - Application started
2025-05-15 11:09:09,992 - INFO - SegmentationListManager initialized
2025-05-15 11:09:10,955 - INFO - MainWindow initialized
2025-05-15 11:09:13,038 - INFO - Loading image from C:/Users/jkim20/Documents/projects/vtk_image_labeler_3d/sample_data/Dataset101_Eye[ul]L/imagesTr/eye[ul]l_0_0000.mha
2025-05-15 11:09:13,039 - INFO - File extension: .mha
2025-05-15 11:09:13,518 - INFO - dims=(512, 512, 160)
2025-05-15 11:09:13,518 - INFO - spacing=(0.9765625, 0.9765625, 1.0)
2025-05-15 11:09:13,518 - INFO - original_origin=(-249.51171875, -528.51171875, -1190.0)
2025-05-15 11:09:13,644 - INFO - the center slice index is 79
2025-05-15 11:09:13,719 - INFO - the center slice index is 255
2025-05-15 11:09:13,768 - INFO - the center slice index is 255
2025-05-15 11:09:13,873 - INFO - Image loaded successfully
2025-05-15 11:09:31,467 - INFO - A layer added: Layer 1, and active layer is now Layer 1
2025-05-15 11:09:43,090 - INFO - Paint tool activated
2025-05-15 11:10:38,246 - INFO - Application started
2025-05-15 11:10:44,199 - INFO - SegmentationListManager initialized
2025-05-15 11:10:45,179 - INFO - MainWindow initialized
2025-05-15 11:10:51,250 - INFO - Loading image from C:/Users/jkim20/Documents/projects/vtk_image_labeler_3d/sample_data/Dataset101_Eye[ul]L/imagesTr/eye[ul]l_0_0000.mha
2025-05-15 11:10:51,250 - INFO - File extension: .mha
2025-05-15 11:10:51,743 - INFO - dims=(512, 512, 160)
2025-05-15 11:10:51,743 - INFO - spacing=(0.9765625, 0.9765625, 1.0)
2025-05-15 11:10:51,743 - INFO - original_origin=(-249.51171875, -528.51171875, -1190.0)
2025-05-15 11:10:51,873 - INFO - the center slice index is 79
2025-05-15 11:10:51,949 - INFO - the center slice index is 255
2025-05-15 11:10:52,002 - INFO - the center slice index is 255
2025-05-15 11:10:52,103 - INFO - Image loaded successfully
2025-05-15 11:11:16,516 - INFO - A layer added: Layer 1, and active layer is now Layer 1
2025-05-15 11:11:19,906 - INFO - Paint tool activated
2025-05-15 11:13:45,334 - INFO - Application started
2025-05-15 11:13:51,145 - INFO - SegmentationListManager initialized
2025-05-15 11:13:52,121 - INFO - MainWindow initialized
2025-05-15 11:13:54,001 - INFO - Loading image from C:/Users/jkim20/Documents/projects/vtk_image_labeler_3d/sample_data/Dataset101_Eye[ul]L/imagesTr/eye[ul]l_0_0000.mha
2025-05-15 11:13:54,001 - INFO - File extension: .mha
2025-05-15 11:13:54,479 - INFO - dims=(512, 512, 160)
2025-05-15 11:13:54,479 - INFO - spacing=(0.9765625, 0.9765625, 1.0)
2025-05-15 11:13:54,479 - INFO - original_origin=(-249.51171875, -528.51171875, -1190.0)
2025-05-15 11:13:54,597 - INFO - the center slice index is 79
2025-05-15 11:13:54,668 - INFO - the center slice index is 255
2025-05-15 11:13:54,728 - INFO - the center slice index is 255
2025-05-15 11:13:54,821 - INFO - Image loaded successfully
2025-05-15 11:13:55,475 - INFO - A layer added: Layer 1, and active layer is now Layer 1
2025-05-15 11:13:58,177 - INFO - Paint tool activated
2025-05-15 12:14:10,283 - INFO - Application started
2025-05-15 12:14:25,494 - INFO - SegmentationListManager initialized
2025-05-15 12:14:27,560 - INFO - MainWindow initialized
2025-05-15 12:14:33,338 - INFO - Loading image from C:/Users/jkim20/Documents/projects/vtk_image_labeler_3d/sample_data/Dataset101_Eye[ul]L/imagesTr/eye[ul]l_0_0000.mha
2025-05-15 12:14:33,338 - INFO - File extension: .mha
2025-05-15 12:14:33,879 - INFO - dims=(512, 512, 160)
2025-05-15 12:14:33,879 - INFO - spacing=(0.9765625, 0.9765625, 1.0)
2025-05-15 12:14:33,879 - INFO - original_origin=(-249.51171875, -528.51171875, -1190.0)
2025-05-15 12:14:34,009 - INFO - the center slice index is 79
2025-05-15 12:14:34,085 - INFO - the center slice index is 255
2025-05-15 12:14:34,138 - INFO - the center slice index is 255
2025-05-15 12:14:34,241 - INFO - Image loaded successfully
2025-05-15 12:14:37,641 - INFO - A layer added: Layer 1, and active layer is now Layer 1
2025-05-15 12:16:10,600 - INFO - Application started
2025-05-15 12:16:16,915 - INFO - SegmentationListManager initialized
2025-05-15 12:16:17,886 - INFO - MainWindow initialized
2025-05-15 12:16:19,889 - INFO - Loading image from C:/Users/jkim20/Documents/projects/vtk_image_labeler_3d/sample_data/Dataset101_Eye[ul]L/imagesTr/eye[ul]l_0_0000.mha
2025-05-15 12:16:19,889 - INFO - File extension: .mha
2025-05-15 12:16:20,388 - INFO - dims=(512, 512, 160)
2025-05-15 12:16:20,388 - INFO - spacing=(0.9765625, 0.9765625, 1.0)
2025-05-15 12:16:20,388 - INFO - original_origin=(-249.51171875, -528.51171875, -1190.0)
2025-05-15 12:16:20,501 - INFO - the center slice index is 79
2025-05-15 12:16:20,579 - INFO - the center slice index is 255
2025-05-15 12:16:20,632 - INFO - the center slice index is 255
2025-05-15 12:16:20,742 - INFO - Image loaded successfully
2025-05-15 12:16:21,325 - INFO - A layer added: Layer 1, and active layer is now Layer 1
2025-05-15 12:17:48,494 - INFO - Application started
2025-05-15 12:17:54,452 - INFO - SegmentationListManager initialized
2025-05-15 12:17:55,397 - INFO - MainWindow initialized
2025-05-15 12:17:57,646 - INFO - Loading image from C:/Users/jkim20/Documents/projects/vtk_image_labeler_3d/sample_data/Dataset101_Eye[ul]L/imagesTr/eye[ul]l_0_0000.mha
2025-05-15 12:17:57,646 - INFO - File extension: .mha
2025-05-15 12:17:58,167 - INFO - dims=(512, 512, 160)
2025-05-15 12:17:58,167 - INFO - spacing=(0.9765625, 0.9765625, 1.0)
2025-05-15 12:17:58,167 - INFO - original_origin=(-249.51171875, -528.51171875, -1190.0)
2025-05-15 12:17:58,285 - INFO - the center slice index is 79
2025-05-15 12:17:58,371 - INFO - the center slice index is 255
2025-05-15 12:17:58,430 - INFO - the center slice index is 255
2025-05-15 12:17:58,513 - INFO - Image loaded successfully
2025-05-15 12:17:59,402 - INFO - A layer added: Layer 1, and active layer is now Layer 1
2025-05-15 12:22:28,244 - INFO - Application started
2025-05-15 12:22:34,453 - INFO - SegmentationListManager initialized
2025-05-15 12:22:35,430 - INFO - MainWindow initialized
2025-05-15 12:22:38,239 - INFO - Loading image from C:/Users/jkim20/Documents/projects/vtk_image_labeler_3d/sample_data/Dataset101_Eye[ul]L/imagesTr/eye[ul]l_0_0000.mha
2025-05-15 12:22:38,239 - INFO - File extension: .mha
2025-05-15 12:22:38,717 - INFO - dims=(512, 512, 160)
2025-05-15 12:22:38,717 - INFO - spacing=(0.9765625, 0.9765625, 1.0)
2025-05-15 12:22:38,717 - INFO - original_origin=(-249.51171875, -528.51171875, -1190.0)
2025-05-15 12:22:38,830 - INFO - the center slice index is 79
2025-05-15 12:22:38,921 - INFO - the center slice index is 255
2025-05-15 12:22:38,976 - INFO - the center slice index is 255
2025-05-15 12:22:39,074 - INFO - Image loaded successfully
2025-05-15 12:22:40,320 - INFO - A layer added: Layer 1, and active layer is now Layer 1
2025-05-15 12:27:49,468 - INFO - Application started
2025-05-15 12:27:55,464 - INFO - SegmentationListManager initialized
2025-05-15 12:27:56,404 - INFO - MainWindow initialized
2025-05-15 12:27:58,222 - INFO - Loading image from C:/Users/jkim20/Documents/projects/vtk_image_labeler_3d/sample_data/Dataset101_Eye[ul]L/imagesTr/eye[ul]l_0_0000.mha
2025-05-15 12:27:58,222 - INFO - File extension: .mha
2025-05-15 12:27:58,733 - INFO - dims=(512, 512, 160)
2025-05-15 12:27:58,733 - INFO - spacing=(0.9765625, 0.9765625, 1.0)
2025-05-15 12:27:58,733 - INFO - original_origin=(-249.51171875, -528.51171875, -1190.0)
2025-05-15 12:27:58,860 - INFO - the center slice index is 79
2025-05-15 12:27:58,938 - INFO - the center slice index is 255
2025-05-15 12:27:58,987 - INFO - the center slice index is 255
2025-05-15 12:27:59,100 - INFO - Image loaded successfully
2025-05-15 12:28:00,591 - INFO - A layer added: Layer 1, and active layer is now Layer 1
2025-05-15 12:29:22,642 - INFO - A layer added: Layer 2, and active layer is now Layer 2
2025-05-15 12:33:05,646 - INFO - Application started
2025-05-15 12:33:11,850 - INFO - SegmentationListManager initialized
2025-05-15 12:33:12,805 - INFO - MainWindow initialized
2025-05-15 12:33:15,026 - INFO - MainWindow is closing.
2025-05-15 12:33:15,079 - INFO - Application is quitting.
2025-05-15 12:34:13,731 - INFO - Application started
2025-05-15 12:35:20,909 - INFO - Application started
2025-05-15 12:35:27,234 - INFO - SegmentationListManager initialized
2025-05-15 12:35:28,206 - INFO - MainWindow initialized
2025-05-15 12:35:33,359 - INFO - Application started
2025-05-15 12:35:39,742 - INFO - SegmentationListManager initialized
2025-05-15 12:35:40,709 - INFO - MainWindow initialized
2025-05-15 12:35:42,796 - INFO - Loading image from C:/Users/jkim20/Documents/projects/vtk_image_labeler_3d/sample_data/Dataset101_Eye[ul]L/imagesTr/eye[ul]l_0_0000.mha
2025-05-15 12:35:42,796 - INFO - File extension: .mha
2025-05-15 12:35:43,274 - INFO - dims=(512, 512, 160)
2025-05-15 12:35:43,274 - INFO - spacing=(0.9765625, 0.9765625, 1.0)
2025-05-15 12:35:43,274 - INFO - original_origin=(-249.51171875, -528.51171875, -1190.0)
2025-05-15 12:35:43,402 - INFO - the center slice index is 79
2025-05-15 12:35:43,480 - INFO - the center slice index is 255
2025-05-15 12:35:43,537 - INFO - the center slice index is 255
2025-05-15 12:35:43,623 - INFO - Image loaded successfully
2025-05-15 12:35:44,724 - INFO - A layer added: Layer 1, and active layer is now Layer 1
2025-05-15 12:37:16,805 - INFO - Application started
2025-05-15 12:37:23,095 - INFO - SegmentationListManager initialized
2025-05-15 12:37:24,042 - INFO - MainWindow initialized
2025-05-15 12:37:26,229 - INFO - Loading image from C:/Users/jkim20/Documents/projects/vtk_image_labeler_3d/sample_data/Dataset101_Eye[ul]L/imagesTr/eye[ul]l_0_0000.mha
2025-05-15 12:37:26,229 - INFO - File extension: .mha
2025-05-15 12:37:26,692 - INFO - dims=(512, 512, 160)
2025-05-15 12:37:26,692 - INFO - spacing=(0.9765625, 0.9765625, 1.0)
2025-05-15 12:37:26,692 - INFO - original_origin=(-249.51171875, -528.51171875, -1190.0)
2025-05-15 12:37:26,810 - INFO - the center slice index is 79
2025-05-15 12:37:26,896 - INFO - the center slice index is 255
2025-05-15 12:37:26,958 - INFO - the center slice index is 255
2025-05-15 12:37:27,057 - INFO - Image loaded successfully
2025-05-15 12:37:28,689 - INFO - A layer added: Layer 1, and active layer is now Layer 1
2025-05-15 12:38:05,708 - INFO - A layer added: Layer 2, and active layer is now Layer 2
2025-05-15 12:38:33,883 - INFO - Paint tool activated
2025-05-15 12:38:53,078 - INFO - A layer added: Layer 2, and active layer is now Layer 2
2025-05-15 12:39:02,979 - INFO - A layer added: Layer 4, and active layer is now Layer 4
2025-05-15 12:49:32,415 - INFO - Application started
2025-05-15 12:49:38,543 - INFO - SegmentationListManager initialized
2025-05-15 12:49:39,540 - INFO - MainWindow initialized
2025-05-15 12:49:53,968 - INFO - Loading image from C:/Users/jkim20/Documents/projects/vtk_image_labeler_3d/sample_data/Dataset101_Eye[ul]L/imagesTr/eye[ul]l_0_0000.mha
2025-05-15 12:49:53,968 - INFO - File extension: .mha
2025-05-15 12:49:54,446 - INFO - dims=(512, 512, 160)
2025-05-15 12:49:54,446 - INFO - spacing=(0.9765625, 0.9765625, 1.0)
2025-05-15 12:49:54,446 - INFO - original_origin=(-249.51171875, -528.51171875, -1190.0)
2025-05-15 12:49:54,569 - INFO - the center slice index is 79
2025-05-15 12:49:54,646 - INFO - the center slice index is 255
2025-05-15 12:49:54,699 - INFO - the center slice index is 255
2025-05-15 12:49:54,809 - INFO - Image loaded successfully
2025-05-15 12:51:52,585 - INFO - Application started
2025-05-15 12:51:58,712 - INFO - SegmentationListManager initialized
2025-05-15 12:51:59,661 - INFO - MainWindow initialized
2025-05-15 12:52:01,583 - INFO - Loading image from C:/Users/jkim20/Documents/projects/vtk_image_labeler_3d/sample_data/Dataset101_Eye[ul]L/imagesTr/eye[ul]l_0_0000.mha
2025-05-15 12:52:01,583 - INFO - File extension: .mha
2025-05-15 12:52:02,045 - INFO - dims=(512, 512, 160)
2025-05-15 12:52:02,045 - INFO - spacing=(0.9765625, 0.9765625, 1.0)
2025-05-15 12:52:02,045 - INFO - original_origin=(-249.51171875, -528.51171875, -1190.0)
2025-05-15 12:52:02,176 - INFO - the center slice index is 79
2025-05-15 12:52:02,251 - INFO - the center slice index is 255
2025-05-15 12:52:02,304 - INFO - the center slice index is 255
2025-05-15 12:52:02,397 - INFO - Image loaded successfully
2025-05-15 12:53:09,109 - INFO - Application started
2025-05-15 12:53:15,156 - INFO - SegmentationListManager initialized
2025-05-15 12:53:16,118 - INFO - MainWindow initialized
2025-05-15 12:53:23,501 - INFO - Loading image from C:/Users/jkim20/Documents/projects/vtk_image_labeler_3d/sample_data/Dataset101_Eye[ul]L/imagesTr/eye[ul]l_0_0000.mha
2025-05-15 12:53:23,501 - INFO - File extension: .mha
2025-05-15 12:53:23,963 - INFO - dims=(512, 512, 160)
2025-05-15 12:53:23,963 - INFO - spacing=(0.9765625, 0.9765625, 1.0)
2025-05-15 12:53:23,963 - INFO - original_origin=(-249.51171875, -528.51171875, -1190.0)
2025-05-15 12:53:24,091 - INFO - the center slice index is 79
2025-05-15 12:53:24,157 - INFO - the center slice index is 255
2025-05-15 12:53:24,210 - INFO - the center slice index is 255
2025-05-15 12:53:24,304 - INFO - Image loaded successfully
2025-05-15 12:56:51,001 - INFO - Application started
2025-05-15 12:56:56,924 - INFO - SegmentationListManager initialized
2025-05-15 12:56:57,880 - INFO - MainWindow initialized
2025-05-15 12:56:59,907 - INFO - Loading image from C:/Users/jkim20/Documents/projects/vtk_image_labeler_3d/sample_data/Dataset101_Eye[ul]L/imagesTr/eye[ul]l_0_0000.mha
2025-05-15 12:56:59,907 - INFO - File extension: .mha
2025-05-15 12:57:00,372 - INFO - dims=(512, 512, 160)
2025-05-15 12:57:00,372 - INFO - spacing=(0.9765625, 0.9765625, 1.0)
2025-05-15 12:57:00,372 - INFO - original_origin=(-249.51171875, -528.51171875, -1190.0)
2025-05-15 12:57:00,484 - INFO - the center slice index is 79
2025-05-15 12:57:00,562 - INFO - the center slice index is 255
2025-05-15 12:57:00,623 - INFO - the center slice index is 255
2025-05-15 12:57:00,714 - INFO - Image loaded successfully
2025-05-15 12:58:36,882 - INFO - Application started
2025-05-15 12:58:43,195 - INFO - SegmentationListManager initialized
2025-05-15 12:58:44,152 - INFO - MainWindow initialized
2025-05-15 12:58:46,477 - INFO - Loading image from C:/Users/jkim20/Documents/projects/vtk_image_labeler_3d/sample_data/Dataset101_Eye[ul]L/imagesTr/eye[ul]l_0_0000.mha
2025-05-15 12:58:46,477 - INFO - File extension: .mha
2025-05-15 12:58:46,938 - INFO - dims=(512, 512, 160)
2025-05-15 12:58:46,938 - INFO - spacing=(0.9765625, 0.9765625, 1.0)
2025-05-15 12:58:46,938 - INFO - original_origin=(-249.51171875, -528.51171875, -1190.0)
2025-05-15 12:58:47,076 - INFO - the center slice index is 79
2025-05-15 12:58:47,138 - INFO - the center slice index is 255
2025-05-15 12:58:47,208 - INFO - the center slice index is 255
2025-05-15 12:58:47,301 - INFO - Image loaded successfully
2025-05-15 12:58:56,094 - INFO - A layer added: Layer 1
2025-05-15 12:59:06,258 - INFO - A layer added: Layer 2
2025-05-15 12:59:12,531 - INFO - Paint tool activated
2025-05-15 13:03:09,747 - INFO - Application started
2025-05-15 13:03:15,983 - INFO - SegmentationListManager initialized
2025-05-15 13:03:16,958 - INFO - MainWindow initialized
2025-05-15 13:03:21,242 - INFO - MainWindow is closing.
2025-05-15 13:03:21,360 - INFO - Application is quitting.
2025-05-15 13:03:33,495 - INFO - Application started
2025-05-15 13:03:39,447 - INFO - SegmentationListManager initialized
2025-05-15 13:03:40,408 - INFO - MainWindow initialized
2025-05-15 13:03:43,008 - INFO - Loading image from C:/Users/jkim20/Documents/projects/vtk_image_labeler_3d/sample_data/Dataset101_Eye[ul]L/imagesTr/eye[ul]l_0_0000.mha
2025-05-15 13:03:43,023 - INFO - File extension: .mha
2025-05-15 13:03:43,517 - INFO - dims=(512, 512, 160)
2025-05-15 13:03:43,517 - INFO - spacing=(0.9765625, 0.9765625, 1.0)
2025-05-15 13:03:43,517 - INFO - original_origin=(-249.51171875, -528.51171875, -1190.0)
2025-05-15 13:03:43,646 - INFO - the center slice index is 79
2025-05-15 13:03:43,724 - INFO - the center slice index is 255
2025-05-15 13:03:43,788 - INFO - the center slice index is 255
2025-05-15 13:03:43,887 - INFO - Image loaded successfully
2025-05-15 13:03:45,240 - INFO - A layer added: Layer 1
2025-05-15 13:03:48,472 - INFO - Paint tool activated
2025-05-15 13:04:09,046 - INFO - A layer added: Layer 2
2025-05-15 13:05:03,371 - INFO - Application started
2025-05-15 13:05:09,618 - INFO - SegmentationListManager initialized
2025-05-15 13:05:10,562 - INFO - MainWindow initialized
2025-05-15 13:05:12,753 - INFO - Loading image from C:/Users/jkim20/Documents/projects/vtk_image_labeler_3d/sample_data/Dataset101_Eye[ul]L/imagesTr/eye[ul]l_0_0000.mha
2025-05-15 13:05:12,753 - INFO - File extension: .mha
2025-05-15 13:05:13,231 - INFO - dims=(512, 512, 160)
2025-05-15 13:05:13,231 - INFO - spacing=(0.9765625, 0.9765625, 1.0)
2025-05-15 13:05:13,231 - INFO - original_origin=(-249.51171875, -528.51171875, -1190.0)
2025-05-15 13:05:13,364 - INFO - the center slice index is 79
2025-05-15 13:05:13,436 - INFO - the center slice index is 255
2025-05-15 13:05:13,489 - INFO - the center slice index is 255
2025-05-15 13:05:13,583 - INFO - Image loaded successfully
2025-05-15 13:05:14,915 - INFO - A layer added: Layer 1
2025-05-15 13:07:04,008 - INFO - Application started
2025-05-15 13:07:10,173 - INFO - SegmentationListManager initialized
2025-05-15 13:07:11,132 - INFO - MainWindow initialized
2025-05-15 13:07:13,229 - INFO - Loading image from C:/Users/jkim20/Documents/projects/vtk_image_labeler_3d/sample_data/Dataset101_Eye[ul]L/imagesTr/eye[ul]l_0_0000.mha
2025-05-15 13:07:13,229 - INFO - File extension: .mha
2025-05-15 13:07:13,707 - INFO - dims=(512, 512, 160)
2025-05-15 13:07:13,707 - INFO - spacing=(0.9765625, 0.9765625, 1.0)
2025-05-15 13:07:13,707 - INFO - original_origin=(-249.51171875, -528.51171875, -1190.0)
2025-05-15 13:07:13,845 - INFO - the center slice index is 79
2025-05-15 13:07:13,916 - INFO - the center slice index is 255
2025-05-15 13:07:13,986 - INFO - the center slice index is 255
2025-05-15 13:07:14,079 - INFO - Image loaded successfully
2025-05-15 13:07:14,847 - INFO - A layer added: Layer 1
2025-05-15 13:10:33,108 - INFO - Application started
2025-05-15 13:10:39,007 - INFO - SegmentationListManager initialized
2025-05-15 13:10:39,963 - INFO - MainWindow initialized
2025-05-15 13:10:42,300 - INFO - Loading image from C:/Users/jkim20/Documents/projects/vtk_image_labeler_3d/sample_data/Dataset101_Eye[ul]L/imagesTr/eye[ul]l_0_0000.mha
2025-05-15 13:10:42,300 - INFO - File extension: .mha
2025-05-15 13:10:42,810 - INFO - dims=(512, 512, 160)
2025-05-15 13:10:42,810 - INFO - spacing=(0.9765625, 0.9765625, 1.0)
2025-05-15 13:10:42,810 - INFO - original_origin=(-249.51171875, -528.51171875, -1190.0)
2025-05-15 13:10:42,938 - INFO - the center slice index is 79
2025-05-15 13:10:43,001 - INFO - the center slice index is 255
2025-05-15 13:10:43,071 - INFO - the center slice index is 255
2025-05-15 13:10:43,164 - INFO - Image loaded successfully
2025-05-15 13:10:44,003 - INFO - A layer added: Layer 1
2025-05-15 13:10:45,363 - INFO - Paint tool activated
2025-05-15 13:11:14,764 - INFO - A layer added: Layer 1
2025-05-15 13:11:19,781 - INFO - A layer added: Layer 2
2025-05-15 13:11:23,689 - INFO - A layer added: Layer 3
2025-05-15 13:15:03,771 - INFO - Application started
2025-05-15 13:15:10,085 - INFO - SegmentationListManager initialized
2025-05-15 13:15:11,056 - INFO - MainWindow initialized
2025-05-15 13:15:15,749 - INFO - Loading image from C:/Users/jkim20/Documents/projects/vtk_image_labeler_3d/sample_data/Dataset101_Eye[ul]L/imagesTr/eye[ul]l_0_0000.mha
2025-05-15 13:15:15,749 - INFO - File extension: .mha
2025-05-15 13:15:16,257 - INFO - dims=(512, 512, 160)
2025-05-15 13:15:16,257 - INFO - spacing=(0.9765625, 0.9765625, 1.0)
2025-05-15 13:15:16,257 - INFO - original_origin=(-249.51171875, -528.51171875, -1190.0)
2025-05-15 13:15:16,392 - INFO - the center slice index is 79
2025-05-15 13:15:16,463 - INFO - the center slice index is 255
2025-05-15 13:15:16,516 - INFO - the center slice index is 255
2025-05-15 13:15:16,636 - INFO - Image loaded successfully
2025-05-15 13:15:18,297 - INFO - A layer added: Layer 1
2025-05-15 13:15:21,692 - INFO - Paint tool activated
2025-05-15 13:15:51,550 - INFO - A layer added: Layer 2
2025-05-15 13:16:23,459 - INFO - A layer added: Layer 1
2025-05-15 13:19:43,278 - INFO - Application started
2025-05-15 13:19:49,527 - INFO - SegmentationListManager initialized
2025-05-15 13:19:50,487 - INFO - MainWindow initialized
2025-05-15 13:19:52,161 - INFO - Loading image from C:/Users/jkim20/Documents/projects/vtk_image_labeler_3d/sample_data/Dataset101_Eye[ul]L/imagesTr/eye[ul]l_0_0000.mha
2025-05-15 13:19:52,161 - INFO - File extension: .mha
2025-05-15 13:19:52,653 - INFO - dims=(512, 512, 160)
2025-05-15 13:19:52,653 - INFO - spacing=(0.9765625, 0.9765625, 1.0)
2025-05-15 13:19:52,653 - INFO - original_origin=(-249.51171875, -528.51171875, -1190.0)
2025-05-15 13:19:52,781 - INFO - the center slice index is 79
2025-05-15 13:19:52,859 - INFO - the center slice index is 255
2025-05-15 13:19:52,914 - INFO - the center slice index is 255
2025-05-15 13:19:53,001 - INFO - Image loaded successfully
2025-05-15 13:20:24,583 - INFO - Application started
2025-05-15 13:20:30,813 - INFO - SegmentationListManager initialized
2025-05-15 13:20:31,775 - INFO - MainWindow initialized
2025-05-15 13:20:33,507 - INFO - Loading image from C:/Users/jkim20/Documents/projects/vtk_image_labeler_3d/sample_data/Dataset101_Eye[ul]L/imagesTr/eye[ul]l_0_0000.mha
2025-05-15 13:20:33,507 - INFO - File extension: .mha
2025-05-15 13:20:33,969 - INFO - dims=(512, 512, 160)
2025-05-15 13:20:33,969 - INFO - spacing=(0.9765625, 0.9765625, 1.0)
2025-05-15 13:20:33,969 - INFO - original_origin=(-249.51171875, -528.51171875, -1190.0)
2025-05-15 13:20:34,099 - INFO - the center slice index is 79
2025-05-15 13:20:34,153 - INFO - the center slice index is 255
2025-05-15 13:20:34,224 - INFO - the center slice index is 255
2025-05-15 13:20:34,317 - INFO - Image loaded successfully
2025-05-15 13:20:36,142 - INFO - A layer added: Layer 1
2025-05-15 13:20:38,595 - INFO - Paint tool activated
2025-05-15 13:21:31,251 - INFO - MainWindow is closing.
2025-05-15 13:21:31,321 - INFO - Application is quitting.
2025-05-15 13:53:52,011 - INFO - Application started
2025-05-15 13:54:06,858 - INFO - SegmentationListManager initialized
2025-05-15 13:54:08,846 - INFO - MainWindow initialized
2025-05-15 13:54:27,843 - INFO - MainWindow is closing.
2025-05-15 13:54:27,895 - INFO - Application is quitting.
2025-05-15 13:54:52,804 - INFO - Application started
2025-05-15 13:54:58,959 - INFO - SegmentationListManager initialized
2025-05-15 13:54:59,950 - INFO - MainWindow initialized
2025-05-15 14:05:40,608 - INFO - Application started
2025-05-15 14:05:47,536 - INFO - SegmentationListManager initialized
2025-05-15 14:05:47,727 - INFO - MainWindow initialized
2025-05-15 14:05:57,675 - INFO - Loading image from ./downloads\bladderrectumbowel_000_0000.mha
2025-05-15 14:05:57,675 - INFO - File extension: .mha
2025-05-15 14:05:57,850 - INFO - dims=(512, 512, 64)
2025-05-15 14:05:57,850 - INFO - spacing=(0.87890625, 0.87890625, 2.5)
2025-05-15 14:05:57,850 - INFO - original_origin=(-449.560546875, -449.560546875, -80.0)
2025-05-15 14:05:57,903 - INFO - the center slice index is 31
2025-05-15 14:05:57,991 - INFO - the center slice index is 255
2025-05-15 14:05:58,045 - INFO - the center slice index is 255
2025-05-15 14:05:58,139 - INFO - Image loaded successfully
2025-05-15 14:06:41,021 - INFO - MainWindow is closing.
2025-05-15 14:06:41,122 - INFO - Application is quitting.
2025-05-15 14:08:53,137 - INFO - Application started
2025-05-15 14:09:00,144 - INFO - SegmentationListManager initialized
2025-05-15 14:09:00,306 - INFO - MainWindow initialized
2025-05-15 14:09:14,855 - INFO - Loading image from C:/Users/jkim20/Documents/projects/vtk_image_labeler_3d/sample_data/Dataset101_Eye[ul]L/imagesTr/eye[ul]l_0_0000.mha
2025-05-15 14:09:14,870 - INFO - File extension: .mha
2025-05-15 14:09:15,350 - INFO - dims=(512, 512, 160)
2025-05-15 14:09:15,350 - INFO - spacing=(0.9765625, 0.9765625, 1.0)
2025-05-15 14:09:15,351 - INFO - original_origin=(-249.51171875, -528.51171875, -1190.0)
2025-05-15 14:09:15,461 - INFO - the center slice index is 79
2025-05-15 14:09:15,538 - INFO - the center slice index is 255
2025-05-15 14:09:15,603 - INFO - the center slice index is 255
2025-05-15 14:09:15,696 - INFO - Image loaded successfully
2025-05-15 14:23:31,993 - INFO - Application started
2025-05-15 14:24:06,859 - INFO - Application started
2025-05-15 14:24:13,961 - INFO - SegmentationListManager initialized
2025-05-15 14:24:14,142 - INFO - MainWindow initialized
2025-05-15 14:25:55,829 - INFO - Dataset successfully created!
2025-05-15 14:26:18,585 - INFO - Loading image from ./downloads\bladderrectumbowel_000_0000.mha
2025-05-15 14:26:18,586 - INFO - File extension: .mha
2025-05-15 14:26:18,756 - INFO - dims=(512, 512, 64)
2025-05-15 14:26:18,756 - INFO - spacing=(0.87890625, 0.87890625, 2.5)
2025-05-15 14:26:18,756 - INFO - original_origin=(-449.560546875, -449.560546875, -80.0)
2025-05-15 14:26:18,826 - INFO - the center slice index is 31
2025-05-15 14:26:18,897 - INFO - the center slice index is 255
2025-05-15 14:26:18,968 - INFO - the center slice index is 255
2025-05-15 14:26:19,060 - INFO - Image loaded successfully
2025-05-15 14:38:56,857 - INFO - Application started
2025-05-15 14:39:03,988 - INFO - SegmentationListManager initialized
2025-05-15 14:39:04,168 - INFO - MainWindow initialized
2025-05-15 14:39:22,010 - INFO - Loading image from ./downloads\bladderrectumbowel_000_0000.mha
2025-05-15 14:39:22,010 - INFO - File extension: .mha
2025-05-15 14:39:22,208 - INFO - dims=(512, 512, 64)
2025-05-15 14:39:22,208 - INFO - spacing=(0.87890625, 0.87890625, 2.5)
2025-05-15 14:39:22,209 - INFO - original_origin=(-449.560546875, -449.560546875, -80.0)
2025-05-15 14:39:22,270 - INFO - the center slice index is 31
2025-05-15 14:39:22,342 - INFO - the center slice index is 255
2025-05-15 14:39:22,397 - INFO - the center slice index is 255
2025-05-15 14:39:22,505 - INFO - Image loaded successfully
2025-05-15 14:44:47,062 - INFO - dateset_updated={'name': 'CBCTBladderRectumBowel2', 'description': 'Copy of CBCTBladderRectumBowel, but rectum is added', 'reference': 'Stony Brook Univ Hospital', 'licence': 'CC-BY-SA 4.0', 'tensorImageSize': '3D', 'labels': {'background': 0, 'bladder': 1, 'rectum': 2, 'bowel': 3}, 'channel_names': {'0': 'CT'}, 'file_ending': '.mha', 'numTraining': 1, 'numTest': 0, 'id': 'Dataset015_CBCTBladderRectumBowel2'}
2025-05-15 14:44:51,970 - INFO - MainWindow is closing.
2025-05-15 14:44:52,048 - INFO - Application is quitting.
2025-05-15 14:44:57,631 - INFO - Application started
2025-05-15 14:45:04,864 - INFO - SegmentationListManager initialized
2025-05-15 14:45:05,061 - INFO - MainWindow initialized
2025-05-15 14:45:13,106 - INFO - Loading image from ./downloads\image_0_0000.mha
2025-05-15 14:45:13,106 - INFO - File extension: .mha
2025-05-15 14:45:13,307 - INFO - dims=(512, 512, 64)
2025-05-15 14:45:13,307 - INFO - spacing=(0.87890625, 0.87890625, 2.5)
2025-05-15 14:45:13,307 - INFO - original_origin=(-449.560546875, -449.560546875, -80.0)
2025-05-15 14:45:13,362 - INFO - the center slice index is 31
2025-05-15 14:45:13,440 - INFO - the center slice index is 255
2025-05-15 14:45:13,494 - INFO - the center slice index is 255
2025-05-15 14:45:13,588 - INFO - Image loaded successfully
2025-05-15 14:45:56,660 - INFO - Erase tool activated
2025-05-15 14:52:16,079 - INFO - Application started
2025-05-15 14:52:22,889 - INFO - SegmentationListManager initialized
2025-05-15 14:52:23,080 - INFO - MainWindow initialized
2025-05-15 14:52:32,910 - INFO - Loading image from C:/Users/jkim20/Documents/projects/vtk_image_labeler_3d/sample_data/Dataset101_Eye[ul]L/imagesTr/eye[ul]l_0_0000.mha
2025-05-15 14:52:32,910 - INFO - File extension: .mha
2025-05-15 14:52:33,431 - INFO - dims=(512, 512, 160)
2025-05-15 14:52:33,431 - INFO - spacing=(0.9765625, 0.9765625, 1.0)
2025-05-15 14:52:33,431 - INFO - original_origin=(-249.51171875, -528.51171875, -1190.0)
2025-05-15 14:52:33,549 - INFO - the center slice index is 79
2025-05-15 14:52:33,635 - INFO - the center slice index is 255
2025-05-15 14:52:33,680 - INFO - the center slice index is 255
2025-05-15 14:52:33,791 - INFO - Image loaded successfully
2025-05-15 14:53:01,256 - INFO - Application started
2025-05-15 14:53:08,176 - INFO - SegmentationListManager initialized
2025-05-15 14:53:08,363 - INFO - MainWindow initialized
2025-05-15 14:53:16,000 - INFO - Loading image from ./downloads\image_0_0000.mha
2025-05-15 14:53:16,000 - INFO - File extension: .mha
2025-05-15 14:53:16,176 - INFO - dims=(512, 512, 64)
2025-05-15 14:53:16,176 - INFO - spacing=(0.87890625, 0.87890625, 2.5)
2025-05-15 14:53:16,176 - INFO - original_origin=(-449.560546875, -449.560546875, -80.0)
2025-05-15 14:53:16,229 - INFO - the center slice index is 31
2025-05-15 14:53:16,317 - INFO - the center slice index is 255
2025-05-15 14:53:16,371 - INFO - the center slice index is 255
2025-05-15 14:53:16,476 - INFO - Image loaded successfully
2025-05-15 14:53:48,597 - INFO - Erase tool activated
2025-05-15 14:54:11,566 - INFO - MainWindow is closing.
2025-05-15 14:54:11,625 - INFO - Application is quitting.
2025-05-15 14:54:16,213 - INFO - Application started
2025-05-15 14:54:23,121 - INFO - SegmentationListManager initialized
2025-05-15 14:54:23,307 - INFO - MainWindow initialized
2025-05-15 15:13:49,092 - INFO - MainWindow is closing.
2025-05-15 15:13:49,181 - INFO - Application is quitting.
2025-05-15 16:06:53,523 - INFO - Application started
2025-05-15 16:07:00,534 - INFO - SegmentationListManager initialized
2025-05-15 16:07:00,726 - INFO - MainWindow initialized
2025-05-15 16:07:03,059 - INFO - MainWindow is closing.
2025-05-15 16:07:03,111 - INFO - Application is quitting.
2025-05-15 16:07:09,242 - INFO - Application started
2025-05-15 16:07:16,004 - INFO - SegmentationListManager initialized
2025-05-15 16:07:16,169 - INFO - MainWindow initialized
2025-05-15 16:07:26,029 - INFO - Loading image from ./downloads\image_0_0000.mha
2025-05-15 16:07:26,029 - INFO - File extension: .mha
2025-05-15 16:07:26,211 - INFO - dims=(512, 512, 64)
2025-05-15 16:07:26,212 - INFO - spacing=(0.87890625, 0.87890625, 2.5)
2025-05-15 16:07:26,212 - INFO - original_origin=(-449.560546875, -449.560546875, -80.0)
2025-05-15 16:07:26,270 - INFO - the center slice index is 31
2025-05-15 16:07:26,345 - INFO - the center slice index is 255
2025-05-15 16:07:26,405 - INFO - the center slice index is 255
2025-05-15 16:07:26,502 - INFO - Image loaded successfully
2025-05-15 16:08:20,176 - INFO - MainWindow is closing.
2025-05-15 16:08:20,220 - INFO - Application is quitting.
2025-05-15 16:08:29,266 - INFO - Application started
2025-05-15 16:08:36,154 - INFO - SegmentationListManager initialized
2025-05-15 16:08:36,345 - INFO - MainWindow initialized
2025-05-15 16:08:44,598 - INFO - Loading image from ./downloads\image_0_0000.mha
2025-05-15 16:08:44,599 - INFO - File extension: .mha
2025-05-15 16:08:44,802 - INFO - dims=(512, 512, 64)
2025-05-15 16:08:44,803 - INFO - spacing=(0.87890625, 0.87890625, 2.5)
2025-05-15 16:08:44,803 - INFO - original_origin=(-449.560546875, -449.560546875, -80.0)
2025-05-15 16:08:44,845 - INFO - the center slice index is 31
2025-05-15 16:08:44,926 - INFO - the center slice index is 255
2025-05-15 16:08:44,982 - INFO - the center slice index is 255
2025-05-15 16:08:45,091 - INFO - Image loaded successfully
2025-05-15 16:09:11,217 - INFO - MainWindow is closing.
2025-05-15 16:09:11,293 - INFO - Application is quitting.
2025-05-15 16:10:09,023 - INFO - Application started
2025-05-15 16:10:16,064 - INFO - SegmentationListManager initialized
2025-05-15 16:10:16,255 - INFO - MainWindow initialized
2025-05-15 16:10:48,555 - INFO - Loading image from ./downloads\image_0_0000.mha
2025-05-15 16:10:48,555 - INFO - File extension: .mha
2025-05-15 16:10:48,741 - INFO - dims=(512, 512, 64)
2025-05-15 16:10:48,741 - INFO - spacing=(0.87890625, 0.87890625, 2.5)
2025-05-15 16:10:48,741 - INFO - original_origin=(-449.560546875, -449.560546875, -80.0)
2025-05-15 16:10:48,803 - INFO - the center slice index is 31
2025-05-15 16:10:48,876 - INFO - the center slice index is 255
2025-05-15 16:10:48,948 - INFO - the center slice index is 255
2025-05-15 16:10:49,042 - INFO - Image loaded successfully
2025-05-15 16:11:45,559 - INFO - Erase tool activated
2025-05-15 16:17:08,905 - INFO - MainWindow is closing.
2025-05-15 16:17:08,962 - INFO - Application is quitting.
2025-05-15 16:30:03,439 - INFO - Application started
2025-05-15 16:30:10,206 - INFO - SegmentationListManager initialized
2025-05-15 16:30:10,381 - INFO - MainWindow initialized
2025-05-15 16:30:16,235 - INFO - MainWindow is closing.
2025-05-15 16:30:16,291 - INFO - Application is quitting.
2025-05-15 16:32:02,268 - INFO - Application started
2025-05-15 16:32:09,044 - INFO - SegmentationListManager initialized
2025-05-15 16:32:09,223 - INFO - MainWindow initialized
2025-05-15 16:32:18,459 - INFO - Loading image from ./downloads\image_0_0000.mha
2025-05-15 16:32:18,460 - INFO - File extension: .mha
2025-05-15 16:32:18,646 - INFO - dims=(512, 512, 64)
2025-05-15 16:32:18,646 - INFO - spacing=(0.87890625, 0.87890625, 2.5)
2025-05-15 16:32:18,646 - INFO - original_origin=(-449.560546875, -449.560546875, -80.0)
2025-05-15 16:32:18,694 - INFO - the center slice index is 31
2025-05-15 16:32:18,789 - INFO - the center slice index is 255
2025-05-15 16:32:18,847 - INFO - the center slice index is 255
2025-05-15 16:32:18,942 - INFO - Image loaded successfully
2025-05-15 16:40:44,542 - INFO - Application started
2025-05-15 16:40:51,606 - INFO - SegmentationListManager initialized
2025-05-15 16:40:51,783 - INFO - MainWindow initialized
2025-05-15 16:41:09,298 - INFO - Loading image from ./downloads\image_0_0000.mha
2025-05-15 16:41:09,298 - INFO - File extension: .mha
2025-05-15 16:41:09,501 - INFO - dims=(512, 512, 64)
2025-05-15 16:41:09,501 - INFO - spacing=(0.87890625, 0.87890625, 2.5)
2025-05-15 16:41:09,501 - INFO - original_origin=(-449.560546875, -449.560546875, -80.0)
2025-05-15 16:41:09,561 - INFO - the center slice index is 31
2025-05-15 16:41:09,636 - INFO - the center slice index is 255
2025-05-15 16:41:09,694 - INFO - the center slice index is 255
2025-05-15 16:41:09,790 - INFO - Image loaded successfully
2025-05-15 16:52:31,062 - INFO - Application started
2025-05-15 16:52:37,921 - INFO - SegmentationListManager initialized
2025-05-15 16:52:38,108 - INFO - MainWindow initialized
2025-05-15 16:52:51,159 - INFO - Loading image from ./downloads\image_0_0000.mha
2025-05-15 16:52:51,159 - INFO - File extension: .mha
2025-05-15 16:52:51,352 - INFO - dims=(512, 512, 64)
2025-05-15 16:52:51,352 - INFO - spacing=(0.87890625, 0.87890625, 2.5)
2025-05-15 16:52:51,352 - INFO - original_origin=(-449.560546875, -449.560546875, -80.0)
2025-05-15 16:52:51,406 - INFO - the center slice index is 31
2025-05-15 16:52:51,476 - INFO - the center slice index is 255
2025-05-15 16:52:51,532 - INFO - the center slice index is 255
2025-05-15 16:52:51,641 - INFO - Image loaded successfully
2025-05-15 16:54:23,243 - INFO - Boolean operation OR applied. New layer: bladder_OR_bowel
2025-05-15 16:58:32,792 - INFO - Erase tool activated
2025-05-15 17:05:54,647 - INFO - Application started
2025-05-15 17:06:01,454 - INFO - SegmentationListManager initialized
2025-05-15 17:06:01,639 - INFO - MainWindow initialized
2025-05-15 17:06:17,710 - INFO - Loading image from ./downloads\image_0_0000.mha
2025-05-15 17:06:17,710 - INFO - File extension: .mha
2025-05-15 17:06:17,878 - INFO - dims=(512, 512, 64)
2025-05-15 17:06:17,878 - INFO - spacing=(0.87890625, 0.87890625, 2.5)
2025-05-15 17:06:17,878 - INFO - original_origin=(-449.560546875, -449.560546875, -80.0)
2025-05-15 17:06:17,931 - INFO - the center slice index is 31
2025-05-15 17:06:18,020 - INFO - the center slice index is 255
2025-05-15 17:06:18,075 - INFO - the center slice index is 255
2025-05-15 17:06:18,169 - INFO - Image loaded successfully
2025-05-15 17:07:13,817 - INFO - Erase tool activated
2025-05-15 17:13:17,172 - INFO - Application started
2025-05-15 17:13:47,760 - INFO - Application started
2025-05-15 17:13:54,441 - INFO - SegmentationListManager initialized
2025-05-15 17:13:54,602 - INFO - MainWindow initialized
2025-05-15 17:14:02,001 - INFO - Loading image from ./downloads\image_0_0000.mha
2025-05-15 17:14:02,002 - INFO - File extension: .mha
2025-05-15 17:14:02,178 - INFO - dims=(512, 512, 64)
2025-05-15 17:14:02,179 - INFO - spacing=(0.87890625, 0.87890625, 2.5)
2025-05-15 17:14:02,179 - INFO - original_origin=(-449.560546875, -449.560546875, -80.0)
2025-05-15 17:14:02,233 - INFO - the center slice index is 31
2025-05-15 17:14:02,304 - INFO - the center slice index is 255
2025-05-15 17:14:02,358 - INFO - the center slice index is 255
2025-05-15 17:14:02,469 - INFO - Image loaded successfully
2025-05-15 17:14:12,331 - INFO - Erase tool activated
2025-05-15 17:16:20,273 - INFO - Application started
2025-05-15 17:16:26,921 - INFO - SegmentationListManager initialized
2025-05-15 17:16:27,097 - INFO - MainWindow initialized
2025-05-15 17:16:33,900 - INFO - Loading image from ./downloads\image_0_0000.mha
2025-05-15 17:16:33,900 - INFO - File extension: .mha
2025-05-15 17:16:34,069 - INFO - dims=(512, 512, 64)
2025-05-15 17:16:34,069 - INFO - spacing=(0.87890625, 0.87890625, 2.5)
2025-05-15 17:16:34,069 - INFO - original_origin=(-449.560546875, -449.560546875, -80.0)
2025-05-15 17:16:34,122 - INFO - the center slice index is 31
2025-05-15 17:16:34,211 - INFO - the center slice index is 255
2025-05-15 17:16:34,264 - INFO - the center slice index is 255
2025-05-15 17:16:34,366 - INFO - Image loaded successfully
2025-05-15 17:16:43,609 - INFO - Erase tool activated
2025-05-15 17:20:01,827 - INFO - Application started
2025-05-15 17:20:08,585 - INFO - SegmentationListManager initialized
2025-05-15 17:20:08,762 - INFO - MainWindow initialized
2025-05-15 17:20:18,821 - INFO - Loading image from ./downloads\image_0_0000.mha
2025-05-15 17:20:18,821 - INFO - File extension: .mha
2025-05-15 17:20:18,997 - INFO - dims=(512, 512, 64)
2025-05-15 17:20:18,997 - INFO - spacing=(0.87890625, 0.87890625, 2.5)
2025-05-15 17:20:18,997 - INFO - original_origin=(-449.560546875, -449.560546875, -80.0)
2025-05-15 17:20:19,052 - INFO - the center slice index is 31
2025-05-15 17:20:19,130 - INFO - the center slice index is 255
2025-05-15 17:20:19,183 - INFO - the center slice index is 255
2025-05-15 17:20:19,292 - INFO - Image loaded successfully
2025-05-15 17:20:23,104 - INFO - Erase tool activated
2025-05-15 17:21:33,133 - INFO - Application started
2025-05-15 17:21:40,126 - INFO - SegmentationListManager initialized
2025-05-15 17:21:40,304 - INFO - MainWindow initialized
2025-05-15 17:21:49,793 - INFO - Loading image from ./downloads\image_0_0000.mha
2025-05-15 17:21:49,794 - INFO - File extension: .mha
2025-05-15 17:21:49,983 - INFO - dims=(512, 512, 64)
2025-05-15 17:21:49,984 - INFO - spacing=(0.87890625, 0.87890625, 2.5)
2025-05-15 17:21:49,984 - INFO - original_origin=(-449.560546875, -449.560546875, -80.0)
2025-05-15 17:21:50,030 - INFO - the center slice index is 31
2025-05-15 17:21:50,118 - INFO - the center slice index is 255
2025-05-15 17:21:50,172 - INFO - the center slice index is 255
2025-05-15 17:21:50,266 - INFO - Image loaded successfully
2025-05-15 17:21:54,567 - INFO - Erase tool activated
2025-05-15 17:23:47,165 - INFO - Erase tool deactivated
2025-05-15 17:23:47,165 - INFO - Paint tool activated
2025-05-15 17:23:49,922 - INFO - Paint tool deactivated
2025-05-15 17:23:49,922 - INFO - Erase tool activated
2025-05-15 17:23:52,409 - INFO - MainWindow is closing.
2025-05-15 17:23:52,485 - INFO - Application is quitting.
2025-05-15 17:25:48,894 - INFO - Application started
2025-05-15 17:25:56,008 - INFO - SegmentationListManager initialized
2025-05-15 17:25:56,188 - INFO - MainWindow initialized
2025-05-15 17:26:10,406 - INFO - Loading image from ./downloads\image_0_0000.mha
2025-05-15 17:26:10,406 - INFO - File extension: .mha
2025-05-15 17:26:10,584 - INFO - dims=(512, 512, 64)
2025-05-15 17:26:10,584 - INFO - spacing=(0.87890625, 0.87890625, 2.5)
2025-05-15 17:26:10,584 - INFO - original_origin=(-449.560546875, -449.560546875, -80.0)
2025-05-15 17:26:10,640 - INFO - the center slice index is 31
2025-05-15 17:26:10,699 - INFO - the center slice index is 255
2025-05-15 17:26:10,755 - INFO - the center slice index is 255
2025-05-15 17:26:10,861 - INFO - Image loaded successfully
2025-05-15 17:26:18,424 - INFO - Erase tool activated
2025-05-15 17:26:51,477 - INFO - MainWindow is closing.
2025-05-15 17:26:51,564 - INFO - Application is quitting.
2025-05-15 17:28:44,037 - INFO - Application started
2025-05-15 17:28:50,813 - INFO - SegmentationListManager initialized
2025-05-15 17:28:51,003 - INFO - MainWindow initialized
2025-05-15 17:29:02,733 - INFO - Loading image from ./downloads\image_0_0000.mha
2025-05-15 17:29:02,733 - INFO - File extension: .mha
2025-05-15 17:29:02,915 - INFO - dims=(512, 512, 64)
2025-05-15 17:29:02,915 - INFO - spacing=(0.87890625, 0.87890625, 2.5)
2025-05-15 17:29:02,915 - INFO - original_origin=(-449.560546875, -449.560546875, -80.0)
2025-05-15 17:29:02,969 - INFO - the center slice index is 31
2025-05-15 17:29:03,040 - INFO - the center slice index is 255
2025-05-15 17:29:03,096 - INFO - the center slice index is 255
2025-05-15 17:29:03,205 - INFO - Image loaded successfully
2025-05-15 17:29:09,683 - INFO - Erase tool activated
2025-05-15 17:33:20,934 - INFO - Application started
2025-05-15 17:33:28,076 - INFO - SegmentationListManager initialized
2025-05-15 17:33:28,251 - INFO - MainWindow initialized
2025-05-15 17:33:35,848 - INFO - Loading image from ./downloads\image_0_0000.mha
2025-05-15 17:33:35,848 - INFO - File extension: .mha
2025-05-15 17:33:36,021 - INFO - dims=(512, 512, 64)
2025-05-15 17:33:36,021 - INFO - spacing=(0.87890625, 0.87890625, 2.5)
2025-05-15 17:33:36,021 - INFO - original_origin=(-449.560546875, -449.560546875, -80.0)
2025-05-15 17:33:36,092 - INFO - the center slice index is 31
2025-05-15 17:33:36,169 - INFO - the center slice index is 255
2025-05-15 17:33:36,218 - INFO - the center slice index is 255
2025-05-15 17:33:36,327 - INFO - Image loaded successfully
2025-05-15 17:33:39,766 - INFO - Erase tool activated
2025-05-15 17:35:43,501 - INFO - MainWindow is closing.
2025-05-15 17:35:43,612 - INFO - Application is quitting.
2025-05-15 17:36:30,991 - INFO - Application started
2025-05-15 17:38:16,606 - INFO - Application started
2025-05-15 17:38:28,132 - INFO - SegmentationListManager initialized
2025-05-15 17:38:28,329 - INFO - MainWindow initialized
2025-05-15 17:38:45,587 - INFO - Loading image from ./downloads\image_0_0000.mha
2025-05-15 17:38:45,587 - INFO - File extension: .mha
2025-05-15 17:38:45,770 - INFO - dims=(512, 512, 64)
2025-05-15 17:38:45,770 - INFO - spacing=(0.87890625, 0.87890625, 2.5)
2025-05-15 17:38:45,770 - INFO - original_origin=(-449.560546875, -449.560546875, -80.0)
2025-05-15 17:38:45,824 - INFO - the center slice index is 31
2025-05-15 17:38:45,907 - INFO - the center slice index is 255
2025-05-15 17:38:45,967 - INFO - the center slice index is 255
2025-05-15 17:38:46,063 - INFO - Image loaded successfully
2025-05-15 17:38:50,140 - INFO - Erase tool activated
2025-05-15 17:40:54,846 - INFO - Boolean operation SUB applied. New layer: bladder_SUB_bowel-largest
2025-05-15 17:41:58,472 - INFO - Boolean operation SUB applied. New layer: bowel_SUB_bowel-largest
2025-05-15 17:42:20,547 - INFO - MainWindow is closing.
2025-05-15 17:42:20,600 - INFO - Application is quitting.
2025-05-15 17:43:14,620 - INFO - Application started
2025-05-15 17:43:33,991 - INFO - SegmentationListManager initialized
2025-05-15 17:43:34,165 - INFO - MainWindow initialized
2025-05-15 17:43:44,123 - INFO - Loading image from ./downloads\image_0_0000.mha
2025-05-15 17:43:44,124 - INFO - File extension: .mha
2025-05-15 17:43:44,295 - INFO - dims=(512, 512, 64)
2025-05-15 17:43:44,295 - INFO - spacing=(0.87890625, 0.87890625, 2.5)
2025-05-15 17:43:44,295 - INFO - original_origin=(-449.560546875, -449.560546875, -80.0)
2025-05-15 17:43:44,349 - INFO - the center slice index is 31
2025-05-15 17:43:44,437 - INFO - the center slice index is 255
2025-05-15 17:43:44,493 - INFO - the center slice index is 255
2025-05-15 17:43:44,598 - INFO - Image loaded successfully
