2025-05-12 10:07:18,791 - INFO - Application started
2025-05-12 10:07:34,656 - INFO - SegmentationListManager initialized
2025-05-12 10:07:36,849 - INFO - MainWindow initialized
2025-05-12 10:10:04,687 - INFO - MainWindow is closing.
2025-05-12 10:10:04,747 - INFO - Application is quitting.
2025-05-12 10:15:46,202 - INFO - Application started
2025-05-12 10:15:52,265 - INFO - SegmentationListManager initialized
2025-05-12 10:16:13,805 - INFO - Application started
2025-05-12 10:16:20,013 - INFO - SegmentationListManager initialized
2025-05-12 10:16:21,011 - INFO - MainWindow initialized
2025-05-12 10:16:26,615 - INFO - Pong
2025-05-12 10:18:07,027 - INFO - MainWindow is closing.
2025-05-12 10:18:07,117 - INFO - Application is quitting.
2025-05-12 14:53:40,031 - INFO - Application started
2025-05-12 14:53:55,855 - INFO - SegmentationListManager initialized
2025-05-12 14:53:58,033 - INFO - MainWindow initialized
2025-05-12 14:54:45,288 - INFO - Application started
2025-05-12 14:54:51,239 - INFO - SegmentationListManager initialized
2025-05-12 14:54:52,273 - INFO - MainWindow initialized
2025-05-12 14:55:57,764 - INFO - Application started
2025-05-12 14:56:03,810 - INFO - SegmentationListManager initialized
2025-05-12 14:56:04,834 - INFO - MainWindow initialized
2025-05-12 14:56:08,521 - INFO - Pong
2025-05-12 14:56:12,316 - INFO - MainWindow is closing.
2025-05-12 14:56:12,370 - INFO - Application is quitting.
2025-05-12 14:57:01,179 - INFO - Application started
2025-05-12 14:57:07,473 - INFO - SegmentationListManager initialized
2025-05-12 14:57:08,484 - INFO - MainWindow initialized
2025-05-12 14:57:12,762 - INFO - Pong
2025-05-12 14:57:20,546 - INFO - MainWindow is closing.
2025-05-12 14:57:20,600 - INFO - Application is quitting.
2025-05-12 15:12:31,750 - INFO - Application started
2025-05-12 15:12:37,764 - INFO - SegmentationListManager initialized
2025-05-12 15:12:49,096 - INFO - Application started
2025-05-12 15:12:55,229 - INFO - SegmentationListManager initialized
2025-05-12 15:12:56,254 - INFO - MainWindow initialized
2025-05-12 15:13:31,070 - INFO - MainWindow is closing.
2025-05-12 15:13:31,161 - INFO - Application is quitting.
2025-05-12 15:15:25,195 - INFO - Application started
2025-05-12 15:15:31,359 - INFO - SegmentationListManager initialized
2025-05-12 15:15:32,379 - INFO - MainWindow initialized
2025-05-12 15:15:47,213 - INFO - MainWindow is closing.
2025-05-12 15:15:47,268 - INFO - Application is quitting.
2025-05-12 15:30:18,479 - INFO - Application started
2025-05-12 15:30:24,799 - INFO - SegmentationListManager initialized
2025-05-12 15:30:25,839 - INFO - MainWindow initialized
2025-05-12 15:31:35,726 - INFO - Application started
2025-05-12 15:31:41,978 - INFO - SegmentationListManager initialized
2025-05-12 15:31:42,992 - INFO - MainWindow initialized
2025-05-12 15:32:45,320 - INFO - Application started
2025-05-12 15:32:51,776 - INFO - SegmentationListManager initialized
2025-05-12 15:32:52,788 - INFO - MainWindow initialized
2025-05-12 15:34:02,620 - INFO - MainWindow is closing.
2025-05-12 15:34:02,701 - INFO - Application is quitting.
2025-05-12 15:34:46,526 - INFO - Application started
2025-05-12 15:34:52,504 - INFO - SegmentationListManager initialized
2025-05-12 15:34:53,522 - INFO - MainWindow initialized
2025-05-12 17:31:32,292 - INFO - MainWindow is closing.
2025-05-12 17:31:32,352 - INFO - Application is quitting.
2025-05-12 17:56:17,783 - INFO - Application started
2025-05-12 17:56:23,889 - INFO - SegmentationListManager initialized
2025-05-12 17:56:24,922 - INFO - MainWindow initialized
2025-05-12 17:59:57,302 - INFO - Application started
2025-05-12 18:00:03,535 - INFO - SegmentationListManager initialized
2025-05-12 18:00:04,564 - INFO - MainWindow initialized
2025-05-12 18:01:24,686 - INFO - MainWindow is closing.
2025-05-12 18:01:24,782 - INFO - Application is quitting.
2025-05-12 18:02:54,979 - INFO - Application started
2025-05-12 18:03:01,179 - INFO - SegmentationListManager initialized
2025-05-12 18:03:02,199 - INFO - MainWindow initialized
2025-05-12 18:04:36,316 - INFO - Application started
2025-05-12 18:04:42,804 - INFO - SegmentationListManager initialized
2025-05-12 18:04:43,823 - INFO - MainWindow initialized
2025-05-12 18:07:48,937 - INFO - Application started
2025-05-12 18:07:55,162 - INFO - SegmentationListManager initialized
2025-05-12 18:07:56,184 - INFO - MainWindow initialized
2025-05-12 18:09:19,770 - INFO - Application started
2025-05-12 18:09:26,059 - INFO - SegmentationListManager initialized
2025-05-12 18:09:27,087 - INFO - MainWindow initialized
2025-05-12 18:47:20,103 - INFO - Application started
2025-05-12 18:47:26,343 - INFO - SegmentationListManager initialized
2025-05-12 18:47:27,360 - INFO - MainWindow initialized
