2025-03-24 09:55:14,268 - INFO - Application started
2025-03-24 09:55:30,062 - INFO - SegmentationListManager initialized
2025-03-24 09:55:32,195 - INFO - MainWindow initialized
2025-03-24 09:55:34,829 - INFO - Loading image from C:/Users/jkim20/Documents/projects/vtk_image_labeler_3d/sample_data/Dataset101_Eye[ul]L/imagesTr/eye[ul]l_0_0000.mha
2025-03-24 09:55:34,830 - INFO - File extension: .mha
2025-03-24 09:55:35,333 - INFO - dims=(512, 512, 160)
2025-03-24 09:55:35,334 - INFO - spacing=(0.9765625, 0.9765625, 1.0)
2025-03-24 09:55:35,334 - INFO - original_origin=(-249.51171875, -528.51171875, -1190.0)
2025-03-24 10:21:24,956 - INFO - Application started
2025-03-24 10:21:30,944 - INFO - SegmentationListManager initialized
2025-03-24 10:21:31,893 - INFO - MainWindow initialized
2025-03-24 10:21:33,654 - INFO - Loading image from C:/Users/jkim20/Documents/projects/vtk_image_labeler_3d/sample_data/Dataset101_Eye[ul]L/imagesTr/eye[ul]l_0_0000.mha
2025-03-24 10:21:33,654 - INFO - File extension: .mha
2025-03-24 10:21:34,127 - INFO - dims=(512, 512, 160)
2025-03-24 10:21:34,127 - INFO - spacing=(0.9765625, 0.9765625, 1.0)
2025-03-24 10:21:34,127 - INFO - original_origin=(-249.51171875, -528.51171875, -1190.0)
2025-03-24 10:23:29,491 - INFO - Application started
2025-03-24 10:23:35,665 - INFO - SegmentationListManager initialized
2025-03-24 10:23:36,633 - INFO - MainWindow initialized
2025-03-24 10:23:38,927 - INFO - Loading image from C:/Users/jkim20/Documents/projects/vtk_image_labeler_3d/sample_data/Dataset101_Eye[ul]L/imagesTr/eye[ul]l_0_0000.mha
2025-03-24 10:23:38,927 - INFO - File extension: .mha
2025-03-24 10:23:39,402 - INFO - dims=(512, 512, 160)
2025-03-24 10:23:39,402 - INFO - spacing=(0.9765625, 0.9765625, 1.0)
2025-03-24 10:23:39,402 - INFO - original_origin=(-249.51171875, -528.51171875, -1190.0)
2025-03-24 10:25:16,040 - INFO - the center slice index is 79
2025-03-24 10:26:32,583 - INFO - the center slice index is 255
2025-03-24 10:26:41,875 - INFO - the center slice index is 255
2025-03-24 10:26:41,904 - INFO - Image loaded successfully
2025-03-24 10:26:55,753 - INFO - MainWindow is closing.
2025-03-24 10:26:55,838 - INFO - Application is quitting.
2025-03-24 10:28:41,908 - INFO - Application started
2025-03-24 10:28:57,318 - INFO - SegmentationListManager initialized
2025-03-24 10:28:59,359 - INFO - MainWindow initialized
2025-03-24 10:29:01,307 - INFO - Loading image from C:/Users/jkim20/Documents/projects/vtk_image_labeler_3d/sample_data/Dataset101_Eye[ul]L/imagesTr/eye[ul]l_0_0000.mha
2025-03-24 10:29:01,307 - INFO - File extension: .mha
2025-03-24 10:29:01,829 - INFO - dims=(512, 512, 160)
2025-03-24 10:29:01,829 - INFO - spacing=(0.9765625, 0.9765625, 1.0)
2025-03-24 10:29:01,829 - INFO - original_origin=(-249.51171875, -528.51171875, -1190.0)
2025-03-24 10:29:01,939 - INFO - the center slice index is 79
2025-03-24 10:29:01,973 - INFO - the center slice index is 255
2025-03-24 10:29:01,994 - INFO - the center slice index is 255
2025-03-24 10:29:02,010 - INFO - Image loaded successfully
2025-03-24 10:29:08,160 - INFO - MainWindow is closing.
2025-03-24 10:29:08,227 - INFO - Application is quitting.
2025-03-24 10:29:26,693 - INFO - Application started
2025-03-24 10:29:32,719 - INFO - SegmentationListManager initialized
2025-03-24 10:29:33,671 - INFO - MainWindow initialized
2025-03-24 10:29:35,436 - INFO - Loading image from C:/Users/jkim20/Documents/projects/vtk_image_labeler_3d/sample_data/Dataset101_Eye[ul]L/imagesTr/eye[ul]l_0_0000.mha
2025-03-24 10:29:35,436 - INFO - File extension: .mha
2025-03-24 10:29:35,911 - INFO - dims=(512, 512, 160)
2025-03-24 10:29:35,911 - INFO - spacing=(0.9765625, 0.9765625, 1.0)
2025-03-24 10:29:35,911 - INFO - original_origin=(-249.51171875, -528.51171875, -1190.0)
2025-03-24 10:29:36,043 - INFO - the center slice index is 79
2025-03-24 10:29:36,078 - INFO - the center slice index is 255
2025-03-24 10:29:36,093 - INFO - the center slice index is 255
2025-03-24 10:29:36,116 - INFO - Image loaded successfully
2025-03-24 10:29:38,505 - INFO - MainWindow is closing.
2025-03-24 10:29:38,575 - INFO - Application is quitting.
2025-03-24 10:38:57,828 - INFO - Application started
2025-03-24 10:39:04,302 - INFO - SegmentationListManager initialized
2025-03-24 10:39:05,295 - INFO - MainWindow initialized
2025-03-24 10:39:07,384 - INFO - Loading image from C:/Users/jkim20/Documents/projects/vtk_image_labeler_3d/sample_data/Dataset101_Eye[ul]L/imagesTr/eye[ul]l_0_0000.mha
2025-03-24 10:39:07,384 - INFO - File extension: .mha
2025-03-24 10:39:07,868 - INFO - dims=(512, 512, 160)
2025-03-24 10:39:07,868 - INFO - spacing=(0.9765625, 0.9765625, 1.0)
2025-03-24 10:39:07,869 - INFO - original_origin=(-249.51171875, -528.51171875, -1190.0)
2025-03-24 10:39:07,995 - INFO - the center slice index is 79
2025-03-24 10:39:46,220 - INFO - the center slice index is 255
2025-03-24 10:39:51,574 - INFO - the center slice index is 255
2025-03-24 10:39:51,611 - INFO - Image loaded successfully
2025-03-24 10:40:02,855 - INFO - MainWindow is closing.
2025-03-24 10:40:02,917 - INFO - Application is quitting.
2025-03-24 10:43:02,768 - INFO - Application started
2025-03-24 10:43:08,983 - INFO - SegmentationListManager initialized
2025-03-24 10:43:09,986 - INFO - MainWindow initialized
2025-03-24 10:43:11,630 - INFO - Loading image from C:/Users/jkim20/Documents/projects/vtk_image_labeler_3d/sample_data/Dataset101_Eye[ul]L/imagesTr/eye[ul]l_0_0000.mha
2025-03-24 10:43:11,630 - INFO - File extension: .mha
2025-03-24 10:43:12,167 - INFO - dims=(512, 512, 160)
2025-03-24 10:43:12,167 - INFO - spacing=(0.9765625, 0.9765625, 1.0)
2025-03-24 10:43:12,168 - INFO - original_origin=(-249.51171875, -528.51171875, -1190.0)
2025-03-24 10:43:12,288 - INFO - the center slice index is 79
2025-03-24 10:43:12,345 - INFO - the center slice index is 255
2025-03-24 10:43:12,384 - INFO - the center slice index is 255
2025-03-24 10:43:12,419 - INFO - Image loaded successfully
2025-03-24 10:43:25,621 - INFO - MainWindow is closing.
2025-03-24 10:43:25,685 - INFO - Application is quitting.
2025-03-24 10:47:53,983 - INFO - Application started
2025-03-24 10:48:00,435 - INFO - SegmentationListManager initialized
2025-03-24 10:48:01,441 - INFO - MainWindow initialized
2025-03-24 10:48:03,370 - INFO - Loading image from C:/Users/jkim20/Documents/projects/vtk_image_labeler_3d/sample_data/Dataset101_Eye[ul]L/imagesTr/eye[ul]l_0_0000.mha
2025-03-24 10:48:03,371 - INFO - File extension: .mha
2025-03-24 10:48:03,879 - INFO - dims=(512, 512, 160)
2025-03-24 10:48:03,879 - INFO - spacing=(0.9765625, 0.9765625, 1.0)
2025-03-24 10:48:03,880 - INFO - original_origin=(-249.51171875, -528.51171875, -1190.0)
2025-03-24 10:48:35,424 - INFO - the center slice index is 79
2025-03-24 10:48:48,735 - INFO - the center slice index is 255
2025-03-24 10:48:50,949 - INFO - the center slice index is 255
2025-03-24 10:48:52,990 - INFO - Image loaded successfully
2025-03-24 10:53:14,006 - INFO - Application started
2025-03-24 10:53:20,324 - INFO - SegmentationListManager initialized
2025-03-24 10:53:21,354 - INFO - MainWindow initialized
2025-03-24 10:53:23,753 - INFO - Loading image from C:/Users/jkim20/Documents/projects/vtk_image_labeler_3d/sample_data/Dataset101_Eye[ul]L/imagesTr/eye[ul]l_0_0000.mha
2025-03-24 10:53:23,753 - INFO - File extension: .mha
2025-03-24 10:53:24,252 - INFO - dims=(512, 512, 160)
2025-03-24 10:53:24,253 - INFO - spacing=(0.9765625, 0.9765625, 1.0)
2025-03-24 10:53:24,253 - INFO - original_origin=(-249.51171875, -528.51171875, -1190.0)
2025-03-24 10:53:24,394 - INFO - the center slice index is 79
2025-03-24 11:32:28,621 - INFO - Application started
2025-03-24 11:32:35,217 - INFO - SegmentationListManager initialized
2025-03-24 11:32:36,238 - INFO - MainWindow initialized
2025-03-24 11:32:37,796 - INFO - Loading image from C:/Users/jkim20/Documents/projects/vtk_image_labeler_3d/sample_data/Dataset101_Eye[ul]L/imagesTr/eye[ul]l_0_0000.mha
2025-03-24 11:32:37,797 - INFO - File extension: .mha
2025-03-24 11:32:38,289 - INFO - dims=(512, 512, 160)
2025-03-24 11:32:38,290 - INFO - spacing=(0.9765625, 0.9765625, 1.0)
2025-03-24 11:32:38,290 - INFO - original_origin=(-249.51171875, -528.51171875, -1190.0)
2025-03-24 11:32:38,436 - INFO - the center slice index is 79
2025-03-24 11:32:43,920 - INFO - the center slice index is 255
2025-03-24 11:32:43,965 - INFO - the center slice index is 255
2025-03-24 11:32:44,003 - INFO - Image loaded successfully
2025-03-24 11:40:54,078 - INFO - Application started
2025-03-24 11:41:09,910 - INFO - SegmentationListManager initialized
2025-03-24 11:41:12,033 - INFO - MainWindow initialized
2025-03-24 11:41:14,121 - INFO - Loading image from C:/Users/jkim20/Documents/projects/vtk_image_labeler_3d/sample_data/Dataset101_Eye[ul]L/imagesTr/eye[ul]l_0_0000.mha
2025-03-24 11:41:14,122 - INFO - File extension: .mha
2025-03-24 11:41:14,633 - INFO - dims=(512, 512, 160)
2025-03-24 11:41:14,633 - INFO - spacing=(0.9765625, 0.9765625, 1.0)
2025-03-24 11:41:14,633 - INFO - original_origin=(-249.51171875, -528.51171875, -1190.0)
2025-03-24 11:41:55,320 - INFO - Application started
2025-03-24 11:42:01,702 - INFO - SegmentationListManager initialized
2025-03-24 11:42:02,720 - INFO - MainWindow initialized
2025-03-24 11:42:04,582 - INFO - Loading image from C:/Users/jkim20/Documents/projects/vtk_image_labeler_3d/sample_data/Dataset101_Eye[ul]L/imagesTr/eye[ul]l_0_0000.mha
2025-03-24 11:42:04,582 - INFO - File extension: .mha
2025-03-24 11:42:05,079 - INFO - dims=(512, 512, 160)
2025-03-24 11:42:05,079 - INFO - spacing=(0.9765625, 0.9765625, 1.0)
2025-03-24 11:42:05,079 - INFO - original_origin=(-249.51171875, -528.51171875, -1190.0)
2025-03-24 11:43:10,164 - INFO - Application started
2025-03-24 11:43:16,554 - INFO - SegmentationListManager initialized
2025-03-24 11:43:17,570 - INFO - MainWindow initialized
2025-03-24 11:43:19,296 - INFO - Loading image from C:/Users/jkim20/Documents/projects/vtk_image_labeler_3d/sample_data/Dataset101_Eye[ul]L/imagesTr/eye[ul]l_0_0000.mha
2025-03-24 11:43:19,297 - INFO - File extension: .mha
2025-03-24 11:43:19,805 - INFO - dims=(512, 512, 160)
2025-03-24 11:43:19,806 - INFO - spacing=(0.9765625, 0.9765625, 1.0)
2025-03-24 11:43:19,806 - INFO - original_origin=(-249.51171875, -528.51171875, -1190.0)
2025-03-24 11:43:28,835 - INFO - the center slice index is 79
2025-03-24 11:43:33,995 - INFO - the center slice index is 255
2025-03-24 11:43:36,319 - INFO - the center slice index is 255
2025-03-24 11:43:36,360 - INFO - Image loaded successfully
2025-03-24 11:43:45,217 - INFO - MainWindow is closing.
2025-03-24 11:43:45,278 - INFO - Application is quitting.
2025-03-24 11:44:04,139 - INFO - Application started
2025-03-24 11:44:10,488 - INFO - SegmentationListManager initialized
2025-03-24 11:44:11,500 - INFO - MainWindow initialized
2025-03-24 11:44:13,263 - INFO - Loading image from C:/Users/jkim20/Documents/projects/vtk_image_labeler_3d/sample_data/Dataset101_Eye[ul]L/imagesTr/eye[ul]l_0_0000.mha
2025-03-24 11:44:13,264 - INFO - File extension: .mha
2025-03-24 11:44:13,756 - INFO - dims=(512, 512, 160)
2025-03-24 11:44:13,756 - INFO - spacing=(0.9765625, 0.9765625, 1.0)
2025-03-24 11:44:13,756 - INFO - original_origin=(-249.51171875, -528.51171875, -1190.0)
2025-03-24 11:44:13,896 - INFO - the center slice index is 79
2025-03-24 11:44:58,241 - INFO - the center slice index is 255
2025-03-24 11:44:59,959 - INFO - the center slice index is 255
2025-03-24 11:44:59,995 - INFO - Image loaded successfully
2025-03-24 11:47:13,977 - INFO - MainWindow is closing.
2025-03-24 11:47:14,076 - INFO - Application is quitting.
2025-03-24 11:48:21,100 - INFO - Application started
2025-03-24 11:48:27,315 - INFO - SegmentationListManager initialized
2025-03-24 11:48:28,320 - INFO - MainWindow initialized
2025-03-24 11:48:29,981 - INFO - Loading image from C:/Users/jkim20/Documents/projects/vtk_image_labeler_3d/sample_data/Dataset101_Eye[ul]L/imagesTr/eye[ul]l_0_0000.mha
2025-03-24 11:48:29,981 - INFO - File extension: .mha
2025-03-24 11:48:30,488 - INFO - dims=(512, 512, 160)
2025-03-24 11:48:30,488 - INFO - spacing=(0.9765625, 0.9765625, 1.0)
2025-03-24 11:48:30,489 - INFO - original_origin=(-249.51171875, -528.51171875, -1190.0)
2025-03-24 11:48:30,626 - INFO - the center slice index is 79
2025-03-24 11:50:20,012 - INFO - Application started
2025-03-24 11:50:26,352 - INFO - SegmentationListManager initialized
2025-03-24 11:50:27,352 - INFO - MainWindow initialized
2025-03-24 11:50:29,188 - INFO - Loading image from C:/Users/jkim20/Documents/projects/vtk_image_labeler_3d/sample_data/Dataset101_Eye[ul]L/imagesTr/eye[ul]l_0_0000.mha
2025-03-24 11:50:29,189 - INFO - File extension: .mha
2025-03-24 11:50:29,674 - INFO - dims=(512, 512, 160)
2025-03-24 11:50:29,675 - INFO - spacing=(0.9765625, 0.9765625, 1.0)
2025-03-24 11:50:29,675 - INFO - original_origin=(-249.51171875, -528.51171875, -1190.0)
2025-03-24 11:50:36,768 - INFO - the center slice index is 79
2025-03-24 11:50:38,166 - INFO - the center slice index is 255
2025-03-24 11:50:38,987 - INFO - the center slice index is 255
2025-03-24 11:50:39,022 - INFO - Image loaded successfully
2025-03-24 11:50:47,541 - INFO - MainWindow is closing.
2025-03-24 11:50:47,625 - INFO - Application is quitting.
2025-03-24 11:54:19,455 - INFO - Application started
2025-03-24 11:54:25,827 - INFO - SegmentationListManager initialized
2025-03-24 11:54:26,814 - INFO - MainWindow initialized
2025-03-24 11:54:28,610 - INFO - Loading image from C:/Users/jkim20/Documents/projects/vtk_image_labeler_3d/sample_data/Dataset101_Eye[ul]L/imagesTr/eye[ul]l_0_0000.mha
2025-03-24 11:54:28,611 - INFO - File extension: .mha
2025-03-24 11:54:29,098 - INFO - dims=(512, 512, 160)
2025-03-24 11:54:29,099 - INFO - spacing=(0.9765625, 0.9765625, 1.0)
2025-03-24 11:54:29,099 - INFO - original_origin=(-249.51171875, -528.51171875, -1190.0)
2025-03-24 11:56:21,366 - INFO - Application started
2025-03-24 11:56:27,600 - INFO - SegmentationListManager initialized
2025-03-24 11:56:28,619 - INFO - MainWindow initialized
2025-03-24 11:56:32,089 - INFO - Loading image from C:/Users/jkim20/Documents/projects/vtk_image_labeler_3d/sample_data/Dataset101_Eye[ul]L/imagesTr/eye[ul]l_0_0000.mha
2025-03-24 11:56:32,089 - INFO - File extension: .mha
2025-03-24 11:56:32,574 - INFO - dims=(512, 512, 160)
2025-03-24 11:56:32,575 - INFO - spacing=(0.9765625, 0.9765625, 1.0)
2025-03-24 11:56:32,575 - INFO - original_origin=(-249.51171875, -528.51171875, -1190.0)
2025-03-24 11:57:08,273 - INFO - Application started
2025-03-24 11:57:14,584 - INFO - SegmentationListManager initialized
2025-03-24 11:57:15,596 - INFO - MainWindow initialized
2025-03-24 11:57:17,552 - INFO - Loading image from C:/Users/jkim20/Documents/projects/vtk_image_labeler_3d/sample_data/Dataset101_Eye[ul]L/imagesTr/eye[ul]l_0_0000.mha
2025-03-24 11:57:17,553 - INFO - File extension: .mha
2025-03-24 11:57:18,031 - INFO - dims=(512, 512, 160)
2025-03-24 11:57:18,031 - INFO - spacing=(0.9765625, 0.9765625, 1.0)
2025-03-24 11:57:18,032 - INFO - original_origin=(-249.51171875, -528.51171875, -1190.0)
2025-03-24 11:57:33,318 - INFO - the center slice index is 79
2025-03-24 11:57:40,312 - INFO - the center slice index is 255
2025-03-24 11:57:40,362 - INFO - the center slice index is 255
2025-03-24 11:57:40,398 - INFO - Image loaded successfully
2025-03-24 11:57:51,025 - INFO - MainWindow is closing.
2025-03-24 11:57:51,098 - INFO - Application is quitting.
2025-03-24 11:58:13,827 - INFO - Application started
2025-03-24 11:58:20,404 - INFO - SegmentationListManager initialized
2025-03-24 11:58:21,399 - INFO - MainWindow initialized
2025-03-24 11:58:26,128 - INFO - Loading image from C:/Users/jkim20/Documents/projects/vtk_image_labeler_3d/sample_data/Dataset101_Eye[ul]L/imagesTr/eye[ul]l_0_0000.mha
2025-03-24 11:58:26,129 - INFO - File extension: .mha
2025-03-24 11:58:26,606 - INFO - dims=(512, 512, 160)
2025-03-24 11:58:26,607 - INFO - spacing=(0.9765625, 0.9765625, 1.0)
2025-03-24 11:58:26,607 - INFO - original_origin=(-249.51171875, -528.51171875, -1190.0)
2025-03-24 11:58:26,732 - INFO - the center slice index is 79
2025-03-24 11:58:26,787 - INFO - the center slice index is 255
2025-03-24 11:58:26,826 - INFO - the center slice index is 255
2025-03-24 11:58:26,861 - INFO - Image loaded successfully
2025-03-24 12:00:14,304 - INFO - MainWindow is closing.
2025-03-24 12:00:14,393 - INFO - Application is quitting.
2025-03-24 12:25:26,962 - INFO - Application started
2025-03-24 12:25:42,358 - INFO - SegmentationListManager initialized
2025-03-24 12:25:44,410 - INFO - MainWindow initialized
2025-03-24 12:25:50,730 - INFO - Loading image from C:/Users/jkim20/Documents/projects/vtk_image_labeler_3d/sample_data/Dataset101_Eye[ul]L/imagesTr/eye[ul]l_0_0000.mha
2025-03-24 12:25:50,730 - INFO - File extension: .mha
2025-03-24 12:25:51,227 - INFO - dims=(512, 512, 160)
2025-03-24 12:25:51,228 - INFO - spacing=(0.9765625, 0.9765625, 1.0)
2025-03-24 12:25:51,228 - INFO - original_origin=(-249.51171875, -528.51171875, -1190.0)
2025-03-24 12:25:51,356 - INFO - the center slice index is 79
2025-03-24 12:25:51,414 - INFO - the center slice index is 255
2025-03-24 12:25:51,454 - INFO - the center slice index is 255
2025-03-24 12:25:51,489 - INFO - Image loaded successfully
2025-03-24 12:26:04,913 - INFO - MainWindow is closing.
2025-03-24 12:26:04,972 - INFO - Application is quitting.
2025-03-24 12:54:01,482 - INFO - Application started
2025-03-24 12:55:38,191 - INFO - Application started
2025-03-24 12:56:12,060 - INFO - SegmentationListManager initialized
2025-03-24 12:56:13,067 - INFO - MainWindow initialized
2025-03-24 12:56:15,126 - INFO - Loading image from C:/Users/jkim20/Documents/projects/vtk_image_labeler_3d/sample_data/Dataset101_Eye[ul]L/imagesTr/eye[ul]l_0_0000.mha
2025-03-24 12:56:15,127 - INFO - File extension: .mha
2025-03-24 12:56:15,613 - INFO - dims=(512, 512, 160)
2025-03-24 12:56:15,614 - INFO - spacing=(0.9765625, 0.9765625, 1.0)
2025-03-24 12:56:15,614 - INFO - original_origin=(-249.51171875, -528.51171875, -1190.0)
2025-03-24 12:56:15,740 - INFO - the center slice index is 79
2025-03-24 12:56:15,794 - INFO - the center slice index is 255
2025-03-24 12:56:15,832 - INFO - the center slice index is 255
2025-03-24 12:56:15,868 - INFO - Image loaded successfully
2025-03-24 13:01:11,170 - INFO - Application started
2025-03-24 13:01:17,433 - INFO - SegmentationListManager initialized
2025-03-24 13:01:18,431 - INFO - MainWindow initialized
2025-03-24 13:01:20,322 - INFO - Loading image from C:/Users/jkim20/Documents/projects/vtk_image_labeler_3d/sample_data/Dataset101_Eye[ul]L/imagesTr/eye[ul]l_0_0000.mha
2025-03-24 13:01:20,323 - INFO - File extension: .mha
2025-03-24 13:01:20,812 - INFO - dims=(512, 512, 160)
2025-03-24 13:01:20,812 - INFO - spacing=(0.9765625, 0.9765625, 1.0)
2025-03-24 13:01:20,813 - INFO - original_origin=(-249.51171875, -528.51171875, -1190.0)
2025-03-24 13:01:20,938 - INFO - the center slice index is 79
2025-03-24 13:01:47,273 - INFO - the center slice index is 255
2025-03-24 13:01:52,613 - INFO - the center slice index is 255
2025-03-24 13:01:53,281 - INFO - Image loaded successfully
2025-03-24 13:23:52,821 - INFO - Application started
2025-03-24 13:23:59,153 - INFO - SegmentationListManager initialized
2025-03-24 13:24:00,166 - INFO - MainWindow initialized
2025-03-24 13:24:03,616 - INFO - Loading image from C:/Users/jkim20/Documents/projects/vtk_image_labeler_3d/sample_data/Dataset101_Eye[ul]L/imagesTr/eye[ul]l_0_0000.mha
2025-03-24 13:24:03,617 - INFO - File extension: .mha
2025-03-24 13:24:04,097 - INFO - dims=(512, 512, 160)
2025-03-24 13:24:04,097 - INFO - spacing=(0.9765625, 0.9765625, 1.0)
2025-03-24 13:24:04,098 - INFO - original_origin=(-249.51171875, -528.51171875, -1190.0)
2025-03-24 13:24:04,223 - INFO - the center slice index is 79
2025-03-24 13:24:04,277 - INFO - the center slice index is 255
2025-03-24 13:24:04,316 - INFO - the center slice index is 255
2025-03-24 13:24:04,352 - INFO - Image loaded successfully
2025-03-24 13:24:10,760 - INFO - MainWindow is closing.
2025-03-24 13:24:10,819 - INFO - Application is quitting.
2025-03-24 13:24:22,659 - INFO - Application started
2025-03-24 13:24:29,196 - INFO - SegmentationListManager initialized
2025-03-24 13:24:30,196 - INFO - MainWindow initialized
2025-03-24 13:24:32,047 - INFO - Loading image from C:/Users/jkim20/Documents/projects/vtk_image_labeler_3d/sample_data/Dataset101_Eye[ul]L/imagesTr/eye[ul]l_0_0000.mha
2025-03-24 13:24:32,048 - INFO - File extension: .mha
2025-03-24 13:24:32,543 - INFO - dims=(512, 512, 160)
2025-03-24 13:24:32,543 - INFO - spacing=(0.9765625, 0.9765625, 1.0)
2025-03-24 13:24:32,544 - INFO - original_origin=(-249.51171875, -528.51171875, -1190.0)
2025-03-24 13:24:32,671 - INFO - the center slice index is 79
2025-03-24 13:24:32,725 - INFO - the center slice index is 255
2025-03-24 13:24:32,765 - INFO - the center slice index is 255
2025-03-24 13:24:32,800 - INFO - Image loaded successfully
2025-03-24 13:24:38,919 - INFO - MainWindow is closing.
2025-03-24 13:24:38,986 - INFO - Application is quitting.
2025-03-24 13:24:49,231 - INFO - Application started
2025-03-24 13:24:55,515 - INFO - SegmentationListManager initialized
2025-03-24 13:24:56,524 - INFO - MainWindow initialized
2025-03-24 13:24:58,310 - INFO - Loading image from C:/Users/jkim20/Documents/projects/vtk_image_labeler_3d/sample_data/Dataset101_Eye[ul]L/imagesTr/eye[ul]l_0_0000.mha
2025-03-24 13:24:58,311 - INFO - File extension: .mha
2025-03-24 13:24:58,808 - INFO - dims=(512, 512, 160)
2025-03-24 13:24:58,808 - INFO - spacing=(0.9765625, 0.9765625, 1.0)
2025-03-24 13:24:58,809 - INFO - original_origin=(-249.51171875, -528.51171875, -1190.0)
2025-03-24 13:24:58,932 - INFO - the center slice index is 79
2025-03-24 13:24:58,989 - INFO - the center slice index is 255
2025-03-24 13:24:59,028 - INFO - the center slice index is 255
2025-03-24 13:24:59,063 - INFO - Image loaded successfully
2025-03-24 13:26:17,731 - INFO - Application started
2025-03-24 13:26:24,408 - INFO - SegmentationListManager initialized
2025-03-24 13:26:25,443 - INFO - MainWindow initialized
2025-03-24 13:26:27,254 - INFO - Loading image from C:/Users/jkim20/Documents/projects/vtk_image_labeler_3d/sample_data/Dataset101_Eye[ul]L/imagesTr/eye[ul]l_0_0000.mha
2025-03-24 13:26:27,254 - INFO - File extension: .mha
2025-03-24 13:26:27,779 - INFO - dims=(512, 512, 160)
2025-03-24 13:26:27,779 - INFO - spacing=(0.9765625, 0.9765625, 1.0)
2025-03-24 13:26:27,780 - INFO - original_origin=(-249.51171875, -528.51171875, -1190.0)
2025-03-24 13:26:27,901 - INFO - the center slice index is 79
2025-03-24 13:26:27,957 - INFO - the center slice index is 255
2025-03-24 13:26:27,996 - INFO - the center slice index is 255
2025-03-24 13:26:28,033 - INFO - Image loaded successfully
2025-03-24 13:27:38,403 - INFO - Application started
2025-03-24 13:27:44,750 - INFO - SegmentationListManager initialized
2025-03-24 13:27:45,757 - INFO - MainWindow initialized
2025-03-24 13:27:47,968 - INFO - MainWindow is closing.
2025-03-24 13:27:48,056 - INFO - Application is quitting.
2025-03-24 13:28:15,657 - INFO - Application started
2025-03-24 13:28:21,987 - INFO - SegmentationListManager initialized
2025-03-24 13:28:22,988 - INFO - MainWindow initialized
2025-03-24 13:28:24,837 - INFO - Loading image from C:/Users/jkim20/Documents/projects/vtk_image_labeler_3d/sample_data/Dataset101_Eye[ul]L/imagesTr/eye[ul]l_0_0000.mha
2025-03-24 13:28:24,838 - INFO - File extension: .mha
2025-03-24 13:28:25,327 - INFO - dims=(512, 512, 160)
2025-03-24 13:28:25,327 - INFO - spacing=(0.9765625, 0.9765625, 1.0)
2025-03-24 13:28:25,327 - INFO - original_origin=(-249.51171875, -528.51171875, -1190.0)
2025-03-24 13:28:25,450 - INFO - the center slice index is 79
2025-03-24 13:28:25,523 - INFO - the center slice index is 255
2025-03-24 13:28:25,563 - INFO - the center slice index is 255
2025-03-24 13:28:25,605 - INFO - Image loaded successfully
2025-03-24 13:31:44,472 - INFO - Application started
2025-03-24 13:31:50,784 - INFO - SegmentationListManager initialized
2025-03-24 13:31:51,808 - INFO - MainWindow initialized
2025-03-24 13:31:57,291 - INFO - Loading image from C:/Users/jkim20/Documents/projects/vtk_image_labeler_3d/sample_data/Dataset101_Eye[ul]L/imagesTr/eye[ul]l_0_0000.mha
2025-03-24 13:31:57,292 - INFO - File extension: .mha
2025-03-24 13:31:57,786 - INFO - dims=(512, 512, 160)
2025-03-24 13:31:57,786 - INFO - spacing=(0.9765625, 0.9765625, 1.0)
2025-03-24 13:31:57,787 - INFO - original_origin=(-249.51171875, -528.51171875, -1190.0)
2025-03-24 13:31:57,908 - INFO - the center slice index is 79
2025-03-24 13:31:57,968 - INFO - the center slice index is 255
2025-03-24 13:31:58,008 - INFO - the center slice index is 255
2025-03-24 13:31:58,044 - INFO - Image loaded successfully
2025-03-24 13:32:36,339 - INFO - MainWindow is closing.
2025-03-24 13:32:36,420 - INFO - Application is quitting.
2025-03-24 13:37:21,531 - INFO - Application started
2025-03-24 13:37:56,970 - INFO - Application started
2025-03-24 13:38:03,563 - INFO - SegmentationListManager initialized
2025-03-24 13:38:04,565 - INFO - MainWindow initialized
2025-03-24 13:38:07,392 - INFO - Loading image from C:/Users/jkim20/Documents/projects/vtk_image_labeler_3d/sample_data/Dataset101_Eye[ul]L/imagesTr/eye[ul]l_0_0000.mha
2025-03-24 13:38:07,392 - INFO - File extension: .mha
2025-03-24 13:38:07,902 - INFO - dims=(512, 512, 160)
2025-03-24 13:38:07,902 - INFO - spacing=(0.9765625, 0.9765625, 1.0)
2025-03-24 13:38:07,902 - INFO - original_origin=(-249.51171875, -528.51171875, -1190.0)
2025-03-24 13:38:08,024 - INFO - the center slice index is 79
2025-03-24 13:38:08,064 - INFO - the center slice index is 255
2025-03-24 13:38:08,103 - INFO - the center slice index is 255
2025-03-24 13:38:08,139 - INFO - Image loaded successfully
2025-03-24 13:39:38,395 - INFO - the center slice index is 79
2025-03-24 13:39:38,435 - INFO - the center slice index is 255
2025-03-24 13:39:38,495 - INFO - the center slice index is 255
2025-03-24 13:39:44,101 - INFO - the center slice index is 79
2025-03-24 13:39:44,142 - INFO - the center slice index is 255
2025-03-24 13:39:44,188 - INFO - the center slice index is 255
2025-03-24 13:39:47,646 - INFO - the center slice index is 79
2025-03-24 13:39:47,687 - INFO - the center slice index is 255
2025-03-24 13:39:47,744 - INFO - the center slice index is 255
2025-03-24 13:39:50,580 - INFO - the center slice index is 79
2025-03-24 13:39:50,620 - INFO - the center slice index is 255
2025-03-24 13:39:50,668 - INFO - the center slice index is 255
2025-03-24 13:40:17,181 - INFO - MainWindow is closing.
2025-03-24 13:40:17,241 - INFO - Application is quitting.
2025-03-24 13:47:05,870 - INFO - Application started
2025-03-24 13:47:12,167 - INFO - SegmentationListManager initialized
2025-03-24 13:47:13,189 - INFO - MainWindow initialized
2025-03-24 13:47:17,283 - INFO - Loading image from C:/Users/jkim20/Documents/projects/vtk_image_labeler_3d/sample_data/Dataset101_Eye[ul]L/imagesTr/eye[ul]l_0_0000.mha
2025-03-24 13:47:17,283 - INFO - File extension: .mha
2025-03-24 13:47:17,768 - INFO - dims=(512, 512, 160)
2025-03-24 13:47:17,769 - INFO - spacing=(0.9765625, 0.9765625, 1.0)
2025-03-24 13:47:17,769 - INFO - original_origin=(-249.51171875, -528.51171875, -1190.0)
2025-03-24 13:47:17,891 - INFO - the center slice index is 79
2025-03-24 13:47:17,948 - INFO - the center slice index is 255
2025-03-24 13:47:17,987 - INFO - the center slice index is 255
2025-03-24 13:47:18,023 - INFO - Image loaded successfully
2025-03-24 14:14:14,046 - INFO - MainWindow is closing.
2025-03-24 14:14:14,103 - INFO - Application is quitting.
2025-03-24 14:15:25,991 - INFO - Application started
2025-03-24 14:15:32,304 - INFO - SegmentationListManager initialized
2025-03-24 14:15:33,316 - INFO - MainWindow initialized
2025-03-24 14:15:35,782 - INFO - Loading image from C:/Users/jkim20/Documents/projects/vtk_image_labeler_3d/sample_data/Dataset101_Eye[ul]L/imagesTr/eye[ul]l_0_0000.mha
2025-03-24 14:15:35,782 - INFO - File extension: .mha
2025-03-24 14:15:36,290 - INFO - dims=(512, 512, 160)
2025-03-24 14:15:36,291 - INFO - spacing=(0.9765625, 0.9765625, 1.0)
2025-03-24 14:15:36,291 - INFO - original_origin=(-249.51171875, -528.51171875, -1190.0)
2025-03-24 14:15:36,418 - INFO - the center slice index is 79
2025-03-24 14:15:36,471 - INFO - the center slice index is 255
2025-03-24 14:15:36,510 - INFO - the center slice index is 255
2025-03-24 14:15:36,546 - INFO - Image loaded successfully
2025-03-24 15:34:20,526 - INFO - Application started
2025-03-24 15:34:26,811 - INFO - SegmentationListManager initialized
2025-03-24 15:34:27,818 - INFO - MainWindow initialized
2025-03-24 15:34:29,918 - INFO - Loading image from C:/Users/jkim20/Documents/projects/vtk_image_labeler_3d/sample_data/Dataset101_Eye[ul]L/imagesTr/eye[ul]l_0_0000.mha
2025-03-24 15:34:29,919 - INFO - File extension: .mha
2025-03-24 15:34:30,408 - INFO - dims=(512, 512, 160)
2025-03-24 15:34:30,409 - INFO - spacing=(0.9765625, 0.9765625, 1.0)
2025-03-24 15:34:30,409 - INFO - original_origin=(-249.51171875, -528.51171875, -1190.0)
2025-03-24 15:34:30,532 - INFO - the center slice index is 79
2025-03-24 15:34:30,588 - INFO - the center slice index is 255
2025-03-24 15:34:30,628 - INFO - the center slice index is 255
2025-03-24 15:34:30,664 - INFO - Image loaded successfully
2025-03-24 15:45:37,587 - INFO - Application started
2025-03-24 15:45:49,043 - INFO - SegmentationListManager initialized
2025-03-24 15:47:21,168 - INFO - Application started
2025-03-24 15:47:27,664 - INFO - SegmentationListManager initialized
2025-03-24 15:47:28,657 - INFO - MainWindow initialized
2025-03-24 15:47:30,617 - INFO - Loading image from C:/Users/jkim20/Documents/projects/vtk_image_labeler_3d/sample_data/Dataset101_Eye[ul]L/imagesTr/eye[ul]l_0_0000.mha
2025-03-24 15:47:30,618 - INFO - File extension: .mha
2025-03-24 15:47:31,133 - INFO - dims=(512, 512, 160)
2025-03-24 15:47:31,133 - INFO - spacing=(0.9765625, 0.9765625, 1.0)
2025-03-24 15:47:31,133 - INFO - original_origin=(-249.51171875, -528.51171875, -1190.0)
2025-03-24 15:47:31,255 - INFO - the center slice index is 79
2025-03-24 15:47:31,311 - INFO - the center slice index is 255
2025-03-24 15:47:31,350 - INFO - the center slice index is 255
2025-03-24 15:47:31,387 - INFO - Image loaded successfully
2025-03-24 15:54:27,525 - INFO - Application started
2025-03-24 15:54:33,836 - INFO - SegmentationListManager initialized
2025-03-24 15:54:34,852 - INFO - MainWindow initialized
2025-03-24 15:54:36,816 - INFO - Loading image from C:/Users/jkim20/Documents/projects/vtk_image_labeler_3d/sample_data/Dataset101_Eye[ul]L/imagesTr/eye[ul]l_0_0000.mha
2025-03-24 15:54:36,817 - INFO - File extension: .mha
2025-03-24 15:54:37,302 - INFO - dims=(512, 512, 160)
2025-03-24 15:54:37,302 - INFO - spacing=(0.9765625, 0.9765625, 1.0)
2025-03-24 15:54:37,303 - INFO - original_origin=(-249.51171875, -528.51171875, -1190.0)
2025-03-24 15:54:37,427 - INFO - the center slice index is 79
2025-03-24 15:54:37,484 - INFO - the center slice index is 255
2025-03-24 15:54:37,523 - INFO - the center slice index is 255
2025-03-24 15:54:37,558 - INFO - Image loaded successfully
2025-03-24 15:55:17,256 - INFO - A layer added: Layer 1, and active layer is now Layer 1
2025-03-24 16:00:28,631 - INFO - Application started
2025-03-24 16:00:35,212 - INFO - SegmentationListManager initialized
2025-03-24 16:00:36,229 - INFO - MainWindow initialized
2025-03-24 16:00:38,354 - INFO - Loading image from C:/Users/jkim20/Documents/projects/vtk_image_labeler_3d/sample_data/Dataset101_Eye[ul]L/imagesTr/eye[ul]l_0_0000.mha
2025-03-24 16:00:38,354 - INFO - File extension: .mha
2025-03-24 16:00:38,834 - INFO - dims=(512, 512, 160)
2025-03-24 16:00:38,835 - INFO - spacing=(0.9765625, 0.9765625, 1.0)
2025-03-24 16:00:38,835 - INFO - original_origin=(-249.51171875, -528.51171875, -1190.0)
2025-03-24 16:00:38,952 - INFO - the center slice index is 79
2025-03-24 16:00:39,005 - INFO - the center slice index is 255
2025-03-24 16:00:39,044 - INFO - the center slice index is 255
2025-03-24 16:00:39,080 - INFO - Image loaded successfully
2025-03-24 16:00:51,206 - INFO - A layer added: Layer 1, and active layer is now Layer 1
2025-03-24 16:01:50,928 - INFO - Application started
2025-03-24 16:01:57,110 - INFO - SegmentationListManager initialized
2025-03-24 16:01:58,110 - INFO - MainWindow initialized
2025-03-24 16:03:10,797 - INFO - MainWindow is closing.
2025-03-24 16:03:10,919 - INFO - Application is quitting.
2025-03-24 17:35:30,563 - INFO - Application started
2025-03-24 17:35:36,944 - INFO - SegmentationListManager initialized
2025-03-24 17:35:37,966 - INFO - MainWindow initialized
2025-03-24 17:35:39,587 - INFO - Loading image from C:/Users/jkim20/Documents/projects/vtk_image_labeler_3d/sample_data/Dataset101_Eye[ul]L/imagesTr/eye[ul]l_0_0000.mha
2025-03-24 17:35:39,587 - INFO - File extension: .mha
2025-03-24 17:35:40,106 - INFO - dims=(512, 512, 160)
2025-03-24 17:35:40,106 - INFO - spacing=(0.9765625, 0.9765625, 1.0)
2025-03-24 17:35:40,107 - INFO - original_origin=(-249.51171875, -528.51171875, -1190.0)
2025-03-24 17:35:40,231 - INFO - the center slice index is 79
2025-03-24 17:35:40,285 - INFO - the center slice index is 255
2025-03-24 17:35:40,326 - INFO - the center slice index is 255
2025-03-24 17:35:40,363 - INFO - Image loaded successfully
2025-03-24 17:36:31,598 - INFO - A layer added: Layer 1, and active layer is now Layer 1
2025-03-24 17:38:12,053 - INFO - Application started
2025-03-24 17:38:18,386 - INFO - SegmentationListManager initialized
2025-03-24 17:38:19,381 - INFO - MainWindow initialized
2025-03-24 17:38:21,460 - INFO - Loading image from C:/Users/jkim20/Documents/projects/vtk_image_labeler_3d/sample_data/Dataset101_Eye[ul]L/imagesTr/eye[ul]l_0_0000.mha
2025-03-24 17:38:21,460 - INFO - File extension: .mha
2025-03-24 17:38:21,961 - INFO - dims=(512, 512, 160)
2025-03-24 17:38:21,962 - INFO - spacing=(0.9765625, 0.9765625, 1.0)
2025-03-24 17:38:21,962 - INFO - original_origin=(-249.51171875, -528.51171875, -1190.0)
2025-03-24 17:38:22,085 - INFO - the center slice index is 79
2025-03-24 17:38:22,139 - INFO - the center slice index is 255
2025-03-24 17:38:22,179 - INFO - the center slice index is 255
2025-03-24 17:38:22,215 - INFO - Image loaded successfully
2025-03-24 17:38:45,661 - INFO - A layer added: Layer 1, and active layer is now Layer 1
2025-03-24 18:00:17,700 - INFO - Application started
2025-03-24 18:00:24,054 - INFO - SegmentationListManager initialized
2025-03-24 18:00:25,073 - INFO - MainWindow initialized
2025-03-24 18:00:27,362 - INFO - Loading image from C:/Users/jkim20/Documents/projects/vtk_image_labeler_3d/sample_data/Dataset101_Eye[ul]L/imagesTr/eye[ul]l_0_0000.mha
2025-03-24 18:00:27,362 - INFO - File extension: .mha
2025-03-24 18:00:27,883 - INFO - dims=(512, 512, 160)
2025-03-24 18:00:27,884 - INFO - spacing=(0.9765625, 0.9765625, 1.0)
2025-03-24 18:00:27,884 - INFO - original_origin=(-249.51171875, -528.51171875, -1190.0)
2025-03-24 18:00:28,003 - INFO - the center slice index is 79
2025-03-24 18:00:28,057 - INFO - the center slice index is 255
2025-03-24 18:00:28,097 - INFO - the center slice index is 255
2025-03-24 18:00:28,133 - INFO - Image loaded successfully
2025-03-24 18:01:01,397 - INFO - Application started
2025-03-24 18:01:07,933 - INFO - SegmentationListManager initialized
2025-03-24 18:01:08,949 - INFO - MainWindow initialized
2025-03-24 18:01:10,727 - INFO - Loading image from C:/Users/jkim20/Documents/projects/vtk_image_labeler_3d/sample_data/Dataset101_Eye[ul]L/imagesTr/eye[ul]l_0_0000.mha
2025-03-24 18:01:10,728 - INFO - File extension: .mha
2025-03-24 18:01:11,219 - INFO - dims=(512, 512, 160)
2025-03-24 18:01:11,220 - INFO - spacing=(0.9765625, 0.9765625, 1.0)
2025-03-24 18:01:11,220 - INFO - original_origin=(-249.51171875, -528.51171875, -1190.0)
2025-03-24 18:01:11,343 - INFO - the center slice index is 79
2025-03-24 18:01:11,399 - INFO - the center slice index is 255
2025-03-24 18:01:11,438 - INFO - the center slice index is 255
2025-03-24 18:01:11,474 - INFO - Image loaded successfully
2025-03-24 18:02:33,352 - INFO - Application started
2025-03-24 18:02:39,654 - INFO - SegmentationListManager initialized
2025-03-24 18:02:40,665 - INFO - MainWindow initialized
2025-03-24 18:02:42,775 - INFO - Loading image from C:/Users/jkim20/Documents/projects/vtk_image_labeler_3d/sample_data/Dataset101_Eye[ul]L/imagesTr/eye[ul]l_0_0000.mha
2025-03-24 18:02:42,775 - INFO - File extension: .mha
2025-03-24 18:02:43,263 - INFO - dims=(512, 512, 160)
2025-03-24 18:02:43,264 - INFO - spacing=(0.9765625, 0.9765625, 1.0)
2025-03-24 18:02:43,264 - INFO - original_origin=(-249.51171875, -528.51171875, -1190.0)
2025-03-24 18:02:43,391 - INFO - the center slice index is 79
2025-03-24 18:02:43,447 - INFO - the center slice index is 255
2025-03-24 18:02:43,486 - INFO - the center slice index is 255
2025-03-24 18:02:43,522 - INFO - Image loaded successfully
2025-03-24 18:24:09,371 - INFO - Application started
2025-03-24 18:24:32,218 - INFO - SegmentationListManager initialized
2025-03-24 18:24:59,085 - INFO - Application started
2025-03-24 18:25:10,682 - INFO - SegmentationListManager initialized
2025-03-24 18:25:34,954 - INFO - MainWindow initialized
2025-03-24 18:25:45,773 - INFO - Loading image from C:/Users/jkim20/Documents/projects/vtk_image_labeler_3d/sample_data/Dataset101_Eye[ul]L/imagesTr/eye[ul]l_0_0000.mha
2025-03-24 18:25:45,773 - INFO - File extension: .mha
2025-03-24 18:25:46,260 - INFO - dims=(512, 512, 160)
2025-03-24 18:25:46,261 - INFO - spacing=(0.9765625, 0.9765625, 1.0)
2025-03-24 18:25:46,261 - INFO - original_origin=(-249.51171875, -528.51171875, -1190.0)
2025-03-24 18:25:46,382 - INFO - the center slice index is 79
2025-03-24 18:25:46,437 - INFO - the center slice index is 255
2025-03-24 18:25:46,475 - INFO - the center slice index is 255
2025-03-24 18:25:46,511 - INFO - Image loaded successfully
2025-03-24 18:26:17,184 - INFO - A layer added: Layer 1, and active layer is now Layer 1
2025-03-24 18:30:25,188 - INFO - Application started
2025-03-24 18:30:37,493 - INFO - SegmentationListManager initialized
2025-03-24 18:30:48,146 - INFO - MainWindow initialized
2025-03-24 18:30:52,087 - INFO - Loading image from C:/Users/jkim20/Documents/projects/vtk_image_labeler_3d/sample_data/Dataset101_Eye[ul]L/imagesTr/eye[ul]l_0_0000.mha
2025-03-24 18:30:52,088 - INFO - File extension: .mha
2025-03-24 18:30:52,599 - INFO - dims=(512, 512, 160)
2025-03-24 18:30:52,600 - INFO - spacing=(0.9765625, 0.9765625, 1.0)
2025-03-24 18:30:52,600 - INFO - original_origin=(-249.51171875, -528.51171875, -1190.0)
2025-03-24 18:30:52,723 - INFO - the center slice index is 79
2025-03-24 18:30:52,780 - INFO - the center slice index is 255
2025-03-24 18:30:52,820 - INFO - the center slice index is 255
2025-03-24 18:30:52,855 - INFO - Image loaded successfully
2025-03-24 18:33:25,320 - INFO - Application started
2025-03-24 18:33:31,646 - INFO - SegmentationListManager initialized
2025-03-24 18:33:36,821 - INFO - MainWindow initialized
2025-03-24 18:33:40,439 - INFO - Loading image from C:/Users/jkim20/Documents/projects/vtk_image_labeler_3d/sample_data/Dataset101_Eye[ul]L/imagesTr/eye[ul]l_0_0000.mha
2025-03-24 18:33:40,439 - INFO - File extension: .mha
2025-03-24 18:33:40,958 - INFO - dims=(512, 512, 160)
2025-03-24 18:33:40,958 - INFO - spacing=(0.9765625, 0.9765625, 1.0)
2025-03-24 18:33:40,959 - INFO - original_origin=(-249.51171875, -528.51171875, -1190.0)
2025-03-24 18:33:41,081 - INFO - the center slice index is 79
2025-03-24 18:33:41,137 - INFO - the center slice index is 255
2025-03-24 18:33:41,176 - INFO - the center slice index is 255
2025-03-24 18:33:41,211 - INFO - Image loaded successfully
2025-03-24 18:34:10,086 - INFO - Application started
2025-03-24 18:34:16,342 - INFO - SegmentationListManager initialized
2025-03-24 18:34:17,346 - INFO - MainWindow initialized
2025-03-24 18:34:21,475 - INFO - Loading image from C:/Users/jkim20/Documents/projects/vtk_image_labeler_3d/sample_data/Dataset101_Eye[ul]L/imagesTr/eye[ul]l_0_0000.mha
2025-03-24 18:34:21,475 - INFO - File extension: .mha
2025-03-24 18:34:21,966 - INFO - dims=(512, 512, 160)
2025-03-24 18:34:21,966 - INFO - spacing=(0.9765625, 0.9765625, 1.0)
2025-03-24 18:34:21,966 - INFO - original_origin=(-249.51171875, -528.51171875, -1190.0)
2025-03-24 18:34:22,089 - INFO - the center slice index is 79
2025-03-24 18:34:22,160 - INFO - the center slice index is 255
2025-03-24 18:34:22,200 - INFO - the center slice index is 255
2025-03-24 18:34:22,236 - INFO - Image loaded successfully
2025-03-24 18:35:33,001 - INFO - Application started
2025-03-24 18:35:39,326 - INFO - SegmentationListManager initialized
2025-03-24 18:35:40,343 - INFO - MainWindow initialized
2025-03-24 18:35:42,102 - INFO - Loading image from C:/Users/jkim20/Documents/projects/vtk_image_labeler_3d/sample_data/Dataset101_Eye[ul]L/imagesTr/eye[ul]l_0_0000.mha
2025-03-24 18:35:42,103 - INFO - File extension: .mha
2025-03-24 18:35:42,589 - INFO - dims=(512, 512, 160)
2025-03-24 18:35:42,590 - INFO - spacing=(0.9765625, 0.9765625, 1.0)
2025-03-24 18:35:42,590 - INFO - original_origin=(-249.51171875, -528.51171875, -1190.0)
2025-03-24 18:35:42,714 - INFO - the center slice index is 79
2025-03-24 18:35:42,768 - INFO - the center slice index is 255
2025-03-24 18:35:42,808 - INFO - the center slice index is 255
2025-03-24 18:35:42,844 - INFO - Image loaded successfully
2025-03-24 18:36:06,376 - INFO - A layer added: Layer 1, and active layer is now Layer 1
